Using pre-set license
Built from '2022.2/staging' branch; Version is '2022.2.4f1 (8216e0211249) revision 8525536'; Using compiler version '192829333'; Build Type 'Release'
OS: 'Windows 11  (10.0.22621) 64bit Core' Language: 'es' Physical Memory: 24512 MB
BatchMode: 1, IsHumanControllingUs: 0, StartBugReporterOnCrash: 0, Is64bit: 1, IsPro: 1

COMMAND LINE ARGUMENTS:
D:\unity\2022.2.4f1\Editor\Unity.exe
-adb2
-batchMode
-noUpm
-name
AssetImportWorker3
-projectPath
C:/Users/Ouk/Desktop/finishproyect/RV-CrisMaster/VR_Iplacex_CrisMaster
-logFile
Logs/AssetImportWorker3.log
-srvPort
50407
Successfully changed project path to: C:/Users/Ouk/Desktop/finishproyect/RV-CrisMaster/VR_Iplacex_CrisMaster
C:/Users/Ouk/Desktop/finishproyect/RV-CrisMaster/VR_Iplacex_CrisMaster
[UnityMemory] Configuration Parameters - Can be set up in boot.config
    "memorysetup-bucket-allocator-granularity=16"
    "memorysetup-bucket-allocator-bucket-count=8"
    "memorysetup-bucket-allocator-block-size=33554432"
    "memorysetup-bucket-allocator-block-count=8"
    "memorysetup-main-allocator-block-size=16777216"
    "memorysetup-thread-allocator-block-size=16777216"
    "memorysetup-gfx-main-allocator-block-size=16777216"
    "memorysetup-gfx-thread-allocator-block-size=16777216"
    "memorysetup-cache-allocator-block-size=4194304"
    "memorysetup-typetree-allocator-block-size=2097152"
    "memorysetup-profiler-bucket-allocator-granularity=16"
    "memorysetup-profiler-bucket-allocator-bucket-count=8"
    "memorysetup-profiler-bucket-allocator-block-size=33554432"
    "memorysetup-profiler-bucket-allocator-block-count=8"
    "memorysetup-profiler-allocator-block-size=16777216"
    "memorysetup-profiler-editor-allocator-block-size=1048576"
    "memorysetup-temp-allocator-size-main=16777216"
    "memorysetup-job-temp-allocator-block-size=2097152"
    "memorysetup-job-temp-allocator-block-size-background=1048576"
    "memorysetup-job-temp-allocator-reduction-small-platforms=262144"
    "memorysetup-temp-allocator-size-background-worker=32768"
    "memorysetup-temp-allocator-size-job-worker=262144"
    "memorysetup-temp-allocator-size-preload-manager=33554432"
    "memorysetup-temp-allocator-size-nav-mesh-worker=65536"
    "memorysetup-temp-allocator-size-audio-worker=65536"
    "memorysetup-temp-allocator-size-cloud-worker=32768"
    "memorysetup-temp-allocator-size-gi-baking-worker=262144"
    "memorysetup-temp-allocator-size-gfx=262144"
Player connection [37184] Host "[IP] 192.168.1.101 [Port] 0 [Flags] 2 [Guid] 1359144223 [EditorId] 1359144223 [Version] 1048832 [Id] WindowsEditor(7,OukZeroPC) [Debug] 1 [PackageName] WindowsEditor [ProjectName] Editor" joined multi-casting on [225.0.0.222:54997]...

Player connection [37184] Host "[IP] 192.168.1.101 [Port] 0 [Flags] 2 [Guid] 1359144223 [EditorId] 1359144223 [Version] 1048832 [Id] WindowsEditor(7,OukZeroPC) [Debug] 1 [PackageName] WindowsEditor [ProjectName] Editor" joined alternative multi-casting on [225.0.0.222:34997]...

Refreshing native plugins compatible for Editor in 18.52 ms, found 12 plugins.
Preloading 1 native plugins for Editor in 0.50 ms.
Initialize engine version: 2022.2.4f1 (8216e0211249)
[Subsystems] Discovering subsystems at path D:/unity/2022.2.4f1/Editor/Data/Resources/UnitySubsystems
[Subsystems] Discovering subsystems at path C:/Users/Ouk/Desktop/finishproyect/RV-CrisMaster/VR_Iplacex_CrisMaster/Assets
GfxDevice: creating device client; threaded=0; jobified=0
Direct3D:
    Version:  Direct3D 11.0 [level 11.1]
    Renderer: NVIDIA GeForce RTX 3060 (ID=0x2504)
    Vendor:   NVIDIA
    VRAM:     12129 MB
    Driver:   31.0.15.2849
Initialize mono
Mono path[0] = 'D:/unity/2022.2.4f1/Editor/Data/Managed'
Mono path[1] = 'D:/unity/2022.2.4f1/Editor/Data/MonoBleedingEdge/lib/mono/unityjit-win32'
Mono config path = 'D:/unity/2022.2.4f1/Editor/Data/MonoBleedingEdge/etc'
Using monoOptions --debugger-agent=transport=dt_socket,embedding=1,server=y,suspend=n,address=127.0.0.1:56172
Begin MonoManager ReloadAssembly
Registering precompiled unity dll's ...
Register platform support module: D:/unity/2022.2.4f1/Editor/Data/PlaybackEngines/AndroidPlayer/UnityEditor.Android.Extensions.dll
Register platform support module: D:/unity/2022.2.4f1/Editor/Data/PlaybackEngines/WindowsStandaloneSupport/UnityEditor.WindowsStandalone.Extensions.dll
Registered in 0.003959 seconds.
- Loaded All Assemblies, in  0.388 seconds
Native extension for WindowsStandalone target not found
Native extension for Android target not found
Android Extension - Scanning For ADB Devices 229 ms
Mono: successfully reloaded assembly
- Finished resetting the current domain, in  0.531 seconds
Domain Reload Profiling:
	ReloadAssembly (206ms)
		BeginReloadAssembly (73ms)
			ExecutionOrderSort (0ms)
			DisableScriptedObjects (0ms)
			BackupInstance (0ms)
			ReleaseScriptingObjects (0ms)
			CreateAndSetChildDomain (1ms)
		LoadAllAssembliesAndSetupDomain (0ms)
			LoadAssemblies (73ms)
			RebuildTransferFunctionScriptingTraits (0ms)
			SetupTypeCache (179ms)
				TypeCache.Initialize (178ms)
					TypeCache.ScanAssembly (176ms)
				ResolveRequiredComponents (1ms)
		FinalizeReload (0ms)
			ReleaseScriptCaches (0ms)
			RebuildScriptCaches (0ms)
			SetupLoadedEditorAssemblies (467ms)
				LogAssemblyErrors (0ms)
				InitializePlatformSupportModulesInManaged (328ms)
				SetLoadedEditorAssemblies (3ms)
				RefreshPlugins (0ms)
				BeforeProcessingInitializeOnLoad (1ms)
				ProcessInitializeOnLoadAttributes (93ms)
				ProcessInitializeOnLoadMethodAttributes (42ms)
				AfterProcessingInitializeOnLoad (0ms)
				EditorAssembliesLoaded (0ms)
			ExecutionOrderSort2 (0ms)
			AwakeInstancesAfterBackupRestoration (0ms)
========================================================================
Worker process is ready to serve import requests
Begin MonoManager ReloadAssembly
Symbol file LoadedFromMemory doesn't match image C:\Users\Ouk\Desktop\finishproyect\RV-CrisMaster\VR_Iplacex_CrisMaster\Library\PackageCache\com.unity.visualscripting@1.8.0\Editor\VisualScripting.Core\Dependencies\YamlDotNet\Unity.VisualScripting.YamlDotNet.dll
Symbol file LoadedFromMemory doesn't match image C:\Users\Ouk\Desktop\finishproyect\RV-CrisMaster\VR_Iplacex_CrisMaster\Library\PackageCache\com.unity.visualscripting@1.8.0\Editor\VisualScripting.Core\Dependencies\DotNetZip\Unity.VisualScripting.IonicZip.dll
- Loaded All Assemblies, in  0.747 seconds
Refreshing native plugins compatible for Editor in 9.92 ms, found 12 plugins.
Native extension for WindowsStandalone target not found
Native extension for Android target not found
Package Manager log level set to [2]
[Package Manager] Server::EnsureServerProcessIsRunning -- launch failed, reason: Unity was launched with the -noUpm command-line argument
[Package Manager] UpmClient::Send -- Unable to send message (not connected to UPM process).
[Package Manager] Cannot connect to Unity Package Manager local server
System.Reflection.TargetInvocationException: Exception has been thrown by the target of an invocation. ---> System.NullReferenceException: Object reference not set to an instance of an object
  at Unity.XR.Oculus.OculusLoader.AssetPathToAbsolutePath (System.String assetPath) [0x0003d] in .\Library\PackageCache\com.unity.xr.oculus@3.2.2\Runtime\OculusLoader.cs:296 
  at Unity.XR.Oculus.OculusLoader.EditorLoadOVRPlugin () [0x0007b] in .\Library\PackageCache\com.unity.xr.oculus@3.2.2\Runtime\OculusLoader.cs:281 
  at (wrapper managed-to-native) System.Reflection.RuntimeMethodInfo.InternalInvoke(System.Reflection.RuntimeMethodInfo,object,object[],System.Exception&)
  at System.Reflection.RuntimeMethodInfo.Invoke (System.Object obj, System.Reflection.BindingFlags invokeAttr, System.Reflection.Binder binder, System.Object[] parameters, System.Globalization.CultureInfo culture) [0x0006a] in <0da48681ced7494d83ae6a612d2206fc>:0 
   --- End of inner exception stack trace ---
  at System.Reflection.RuntimeMethodInfo.Invoke (System.Object obj, System.Reflection.BindingFlags invokeAttr, System.Reflection.Binder binder, System.Object[] parameters, System.Globalization.CultureInfo culture) [0x00083] in <0da48681ced7494d83ae6a612d2206fc>:0 
  at System.Reflection.MethodBase.Invoke (System.Object obj, System.Object[] parameters) [0x00000] in <0da48681ced7494d83ae6a612d2206fc>:0 
  at UnityEditor.EditorAssemblies.ProcessInitializeOnLoadMethodAttributes () [0x000a5] in <c119aa0913a0473185a8287e39c3f563>:0 
UnityEngine.StackTraceUtility:ExtractStackTrace ()
UnityEngine.DebugLogHandler:LogFormat (UnityEngine.LogType,UnityEngine.Object,string,object[])
UnityEngine.Logger:Log (UnityEngine.LogType,object)
UnityEngine.Debug:LogError (object)
UnityEditor.EditorAssemblies:ProcessInitializeOnLoadMethodAttributes ()

Mono: successfully reloaded assembly
[Package Manager] Server::EnsureServerProcessIsRunning -- launch failed, reason: Unity was launched with the -noUpm command-line argument
[Package Manager] UpmClient::Send -- Unable to send message (not connected to UPM process).
[Package Manager] Cannot connect to Unity Package Manager local server
[Package Manager] Server::EnsureServerProcessIsRunning -- launch failed, reason: Unity was launched with the -noUpm command-line argument
[Package Manager] UpmClient::Send -- Unable to send message (not connected to UPM process).
[Package Manager] Cannot connect to Unity Package Manager local server
- Finished resetting the current domain, in  0.539 seconds
Domain Reload Profiling:
	ReloadAssembly (180ms)
		BeginReloadAssembly (97ms)
			ExecutionOrderSort (0ms)
			DisableScriptedObjects (5ms)
			BackupInstance (0ms)
			ReleaseScriptingObjects (0ms)
			CreateAndSetChildDomain (20ms)
		LoadAllAssembliesAndSetupDomain (565ms)
			LoadAssemblies (192ms)
			RebuildTransferFunctionScriptingTraits (0ms)
			SetupTypeCache (413ms)
				TypeCache.Initialize (290ms)
					TypeCache.ScanAssembly (286ms)
				ResolveRequiredComponents (5ms)
		FinalizeReload (0ms)
			ReleaseScriptCaches (0ms)
			RebuildScriptCaches (0ms)
			SetupLoadedEditorAssemblies (377ms)
				LogAssemblyErrors (0ms)
				InitializePlatformSupportModulesInManaged (15ms)
				SetLoadedEditorAssemblies (3ms)
				RefreshPlugins (0ms)
				BeforeProcessingInitializeOnLoad (55ms)
				ProcessInitializeOnLoadAttributes (275ms)
				ProcessInitializeOnLoadMethodAttributes (28ms)
				AfterProcessingInitializeOnLoad (2ms)
				EditorAssembliesLoaded (0ms)
			ExecutionOrderSort2 (0ms)
			AwakeInstancesAfterBackupRestoration (5ms)
Launched and connected shader compiler UnityShaderCompiler.exe after 0.03 seconds
Refreshing native plugins compatible for Editor in 9.96 ms, found 12 plugins.
Preloading 1 native plugins for Editor in 0.06 ms.
Unloading 4014 Unused Serialized files (Serialized files now loaded: 0)
Unloading 54 unused Assets / (381.1 KB). Loaded Objects now: 4457.
Memory consumption went from 0.61 GB to 0.61 GB.
Total: 3.508900 ms (FindLiveObjects: 0.371200 ms CreateObjectMapping: 0.403500 ms MarkObjects: 2.609300 ms  DeleteObjects: 0.124000 ms)

AssetImportParameters requested are different than current active one (requested -> active):
  custom:container-demuxer-ogg: 62fdf1f143b41e24485cea50d1cbac27 -> 
  custom:video-decoder-ogg-theora: a1e56fd34408186e4bbccfd4996cb3dc -> 
  custom:framework-win-MediaFoundation: 216162199b28c13a410421893ffa2e32 -> 
  custom:container-demuxer-webm: 4f35f7cbe854078d1ac9338744f61a02 -> 
  custom:container-muxer-webm: aa71ff27fc2769a1b78a27578f13a17b -> 
  custom:video-decoder-webm-vp8: 9c59270c3fd7afecdb556c50c9e8de78 -> 
  custom:AudioImporter_EditorPlatform: d09bf68614088b80899f8185d706f6e7 -> 
  custom:video-encoder-webm-vp8: eb34c28f22e8b96e1ab97ce403110664 -> 
  custom:audio-decoder-ogg-vorbis: bf7c407c2cedff20999df2af8eb42d56 -> 
  custom:audio-encoder-webm-vorbis: bf7c407c2cedff20999df2af8eb42d56 -> 
========================================================================
Received Import Request.
  Time since last request: 496968.642199 seconds.
  path: Assets/Waiting room/Textures/Air conditioner N.png
  artifactKey: Guid(77cc0f3e00c89f043a31d1be2e419253) Importer(815301076,1909f56bfc062723c751e8b465ee728b)
Number of updated assets reloaded before import = 0
Start importing Assets/Waiting room/Textures/Air conditioner N.png using Guid(77cc0f3e00c89f043a31d1be2e419253) Importer(815301076,1909f56bfc062723c751e8b465ee728b)  -> (artifact id: 'cc614fe75154710c2e741b47305e2c91') in 0.289420 seconds 
Number of asset objects unloaded after import = 2
========================================================================
Received Import Request.
  Time since last request: 0.000029 seconds.
  path: Assets/Waiting room/Textures/firealarm N.png
  artifactKey: Guid(7a2cde495a4474e4f95d25df7589d616) Importer(815301076,1909f56bfc062723c751e8b465ee728b)
Number of updated assets reloaded before import = 0
Start importing Assets/Waiting room/Textures/firealarm N.png using Guid(7a2cde495a4474e4f95d25df7589d616) Importer(815301076,1909f56bfc062723c751e8b465ee728b)  -> (artifact id: 'e39e37a6fbdf8d5064e9e9d1e730ced0') in 0.024196 seconds 
Number of asset objects unloaded after import = 2
========================================================================
Received Import Request.
  Time since last request: 0.000024 seconds.
  path: Assets/Waiting room/Textures/floor 2.png
  artifactKey: Guid(f769afcf52abffc46bc81f82b62188ee) Importer(815301076,1909f56bfc062723c751e8b465ee728b)
Number of updated assets reloaded before import = 0
Start importing Assets/Waiting room/Textures/floor 2.png using Guid(f769afcf52abffc46bc81f82b62188ee) Importer(815301076,1909f56bfc062723c751e8b465ee728b)  -> (artifact id: 'fdab691fbba5d062f5d55c44c36a867b') in 0.037727 seconds 
Number of asset objects unloaded after import = 2
========================================================================
Received Import Request.
  Time since last request: 0.000018 seconds.
  path: Assets/Waiting room/Textures/plant N.png
  artifactKey: Guid(83d16d1a1a4361645b8f908432dcfc29) Importer(815301076,1909f56bfc062723c751e8b465ee728b)
Number of updated assets reloaded before import = 0
Start importing Assets/Waiting room/Textures/plant N.png using Guid(83d16d1a1a4361645b8f908432dcfc29) Importer(815301076,1909f56bfc062723c751e8b465ee728b)  -> (artifact id: '0e28b6e0012a904ee6fced502eb14c13') in 0.063631 seconds 
Number of asset objects unloaded after import = 2
========================================================================
Received Import Request.
  Time since last request: 0.000015 seconds.
  path: Assets/Waiting room/Textures/firealarm.png
  artifactKey: Guid(68f7e83ebb62c78488585b4acaae9ca5) Importer(815301076,1909f56bfc062723c751e8b465ee728b)
Number of updated assets reloaded before import = 0
Start importing Assets/Waiting room/Textures/firealarm.png using Guid(68f7e83ebb62c78488585b4acaae9ca5) Importer(815301076,1909f56bfc062723c751e8b465ee728b)  -> (artifact id: 'a5b8ebde9bb84f03c867761e97759a39') in 0.020585 seconds 
Number of asset objects unloaded after import = 2
========================================================================
Received Import Request.
  Time since last request: 0.000024 seconds.
  path: Assets/Waiting room/Textures/Asphalt.png
  artifactKey: Guid(d9a981eea3766d74d8c57a8deb4acbb6) Importer(815301076,1909f56bfc062723c751e8b465ee728b)
Number of updated assets reloaded before import = 0
Start importing Assets/Waiting room/Textures/Asphalt.png using Guid(d9a981eea3766d74d8c57a8deb4acbb6) Importer(815301076,1909f56bfc062723c751e8b465ee728b)  -> (artifact id: '9498be86fa8cb8896d78b26ef4aca118') in 0.022720 seconds 
Number of asset objects unloaded after import = 2
========================================================================
Received Import Request.
  Time since last request: 0.000019 seconds.
  path: Assets/Waiting room/Textures/Watercooler.png
  artifactKey: Guid(c06c240a8964963488abb0f12de5cd8e) Importer(815301076,1909f56bfc062723c751e8b465ee728b)
Number of updated assets reloaded before import = 0
Start importing Assets/Waiting room/Textures/Watercooler.png using Guid(c06c240a8964963488abb0f12de5cd8e) Importer(815301076,1909f56bfc062723c751e8b465ee728b)  -> (artifact id: 'eb535321f637b6b3bf3fad928b974946') in 0.024862 seconds 
Number of asset objects unloaded after import = 2
========================================================================
Received Import Request.
  Time since last request: 0.000015 seconds.
  path: Assets/Waiting room/Textures/notice board.png
  artifactKey: Guid(25cc6f92256d7ff49b9a1fa3e81198df) Importer(815301076,1909f56bfc062723c751e8b465ee728b)
Number of updated assets reloaded before import = 0
Start importing Assets/Waiting room/Textures/notice board.png using Guid(25cc6f92256d7ff49b9a1fa3e81198df) Importer(815301076,1909f56bfc062723c751e8b465ee728b)  -> (artifact id: 'a417e8aea92228fea34c8e52d71f3050') in 0.023450 seconds 
Number of asset objects unloaded after import = 2
========================================================================
Received Import Request.
  Time since last request: 0.000021 seconds.
  path: Assets/Waiting room/Textures/pictures1.png
  artifactKey: Guid(a1b232eefc4338e42bd3804331c67c22) Importer(815301076,1909f56bfc062723c751e8b465ee728b)
Number of updated assets reloaded before import = 0
Start importing Assets/Waiting room/Textures/pictures1.png using Guid(a1b232eefc4338e42bd3804331c67c22) Importer(815301076,1909f56bfc062723c751e8b465ee728b)  -> (artifact id: '9000df209296bde22a3b32680c15210d') in 0.019501 seconds 
Number of asset objects unloaded after import = 2
========================================================================
Received Import Request.
  Time since last request: 0.000026 seconds.
  path: Assets/Waiting room/Textures/plant.png
  artifactKey: Guid(1f873ad8602c22a47890b63dc737bb83) Importer(815301076,1909f56bfc062723c751e8b465ee728b)
Number of updated assets reloaded before import = 0
Start importing Assets/Waiting room/Textures/plant.png using Guid(1f873ad8602c22a47890b63dc737bb83) Importer(815301076,1909f56bfc062723c751e8b465ee728b)  -> (artifact id: 'fbe835349f7d2ee4a550046e5e336dc6') in 0.054155 seconds 
Number of asset objects unloaded after import = 2
========================================================================
Received Import Request.
  Time since last request: 0.000016 seconds.
  path: Assets/Waiting room/Textures/Fire hose N.png
  artifactKey: Guid(afdf30b17f3552445830b50acd4cc6b9) Importer(815301076,1909f56bfc062723c751e8b465ee728b)
Number of updated assets reloaded before import = 0
Start importing Assets/Waiting room/Textures/Fire hose N.png using Guid(afdf30b17f3552445830b50acd4cc6b9) Importer(815301076,1909f56bfc062723c751e8b465ee728b)  -> (artifact id: 'a1ae1d8e80e19555ebcd0011723e8dfe') in 0.021562 seconds 
Number of asset objects unloaded after import = 2
========================================================================
Received Import Request.
  Time since last request: 0.000021 seconds.
  path: Assets/Waiting room/Textures/fabric1 N.png
  artifactKey: Guid(81e0571e40612344dabf292cb664f711) Importer(815301076,1909f56bfc062723c751e8b465ee728b)
Number of updated assets reloaded before import = 0
Start importing Assets/Waiting room/Textures/fabric1 N.png using Guid(81e0571e40612344dabf292cb664f711) Importer(815301076,1909f56bfc062723c751e8b465ee728b)  -> (artifact id: 'c3cd8f411cbf6fa5a53f31d5c2471c08') in 0.024137 seconds 
Number of asset objects unloaded after import = 2
========================================================================
Received Import Request.
  Time since last request: 0.000019 seconds.
  path: Assets/Waiting room/Textures/vending machine 1.png
  artifactKey: Guid(7fc5d919039703d419145c67161e7110) Importer(815301076,1909f56bfc062723c751e8b465ee728b)
Number of updated assets reloaded before import = 0
Start importing Assets/Waiting room/Textures/vending machine 1.png using Guid(7fc5d919039703d419145c67161e7110) Importer(815301076,1909f56bfc062723c751e8b465ee728b)  -> (artifact id: '97a0ca8ad354f3ecf37085fea601046f') in 0.025473 seconds 
Number of asset objects unloaded after import = 2
========================================================================
Received Import Request.
  Time since last request: 0.000015 seconds.
  path: Assets/Waiting room/Textures/wall painted.png
  artifactKey: Guid(f33a0cb15e24f26498ae5a22d9cda8ef) Importer(815301076,1909f56bfc062723c751e8b465ee728b)
Number of updated assets reloaded before import = 0
Start importing Assets/Waiting room/Textures/wall painted.png using Guid(f33a0cb15e24f26498ae5a22d9cda8ef) Importer(815301076,1909f56bfc062723c751e8b465ee728b)  -> (artifact id: '9adb3469175569b5b71e1808c16e7acf') in 0.024548 seconds 
Number of asset objects unloaded after import = 2
========================================================================
Received Import Request.
  Time since last request: 904.262269 seconds.
  path: Assets/Waiting room/Prefabs/Bin.prefab
  artifactKey: Guid(3bfe56f06e81e6146b2ce8ac5f389040) Importer(815301076,1909f56bfc062723c751e8b465ee728b)
Number of updated assets reloaded before import = 0
Start importing Assets/Waiting room/Prefabs/Bin.prefab using Guid(3bfe56f06e81e6146b2ce8ac5f389040) Importer(815301076,1909f56bfc062723c751e8b465ee728b)  -> (artifact id: '81684f302486d08d6774c70bcc2a7556') in 0.053749 seconds 
Number of asset objects unloaded after import = 10
========================================================================
Received Import Request.
  Time since last request: 0.000033 seconds.
  path: Assets/Waiting room/Prefabs/Tv.prefab
  artifactKey: Guid(7c97687c2143ac3429beb8811e77d386) Importer(815301076,1909f56bfc062723c751e8b465ee728b)
Number of updated assets reloaded before import = 0
Start importing Assets/Waiting room/Prefabs/Tv.prefab using Guid(7c97687c2143ac3429beb8811e77d386) Importer(815301076,1909f56bfc062723c751e8b465ee728b)  -> (artifact id: '2cdcb5483dc8e1fd258f0863cd341c51') in 0.038966 seconds 
Number of asset objects unloaded after import = 12
========================================================================
Received Import Request.
  Time since last request: 0.000015 seconds.
  path: Assets/Waiting room/Prefabs/Vending machine 2.prefab
  artifactKey: Guid(79d69cf86a7c71e4496dda822a1a5724) Importer(815301076,1909f56bfc062723c751e8b465ee728b)
Number of updated assets reloaded before import = 0
Start importing Assets/Waiting room/Prefabs/Vending machine 2.prefab using Guid(79d69cf86a7c71e4496dda822a1a5724) Importer(815301076,1909f56bfc062723c751e8b465ee728b)  -> (artifact id: 'c38839eec6ab81b46778845daa7481d3') in 0.042073 seconds 
Number of asset objects unloaded after import = 12
========================================================================
Received Import Request.
  Time since last request: 0.000027 seconds.
  path: Assets/Waiting room/Prefabs/Chairs.prefab
  artifactKey: Guid(41ea5cdeaab47a54392c9c2b4b499061) Importer(815301076,1909f56bfc062723c751e8b465ee728b)
Number of updated assets reloaded before import = 0
Start importing Assets/Waiting room/Prefabs/Chairs.prefab using Guid(41ea5cdeaab47a54392c9c2b4b499061) Importer(815301076,1909f56bfc062723c751e8b465ee728b)  -> (artifact id: '3fad30ce9d8a152c5a63f1f59e1c1ae7') in 0.036589 seconds 
Number of asset objects unloaded after import = 12
========================================================================
Received Import Request.
  Time since last request: 0.000020 seconds.
  path: Assets/Waiting room/Prefabs/Exit picture.prefab
  artifactKey: Guid(2b9784647d8bb5a46a9cdd0223cdfa7a) Importer(815301076,1909f56bfc062723c751e8b465ee728b)
Number of updated assets reloaded before import = 0
Start importing Assets/Waiting room/Prefabs/Exit picture.prefab using Guid(2b9784647d8bb5a46a9cdd0223cdfa7a) Importer(815301076,1909f56bfc062723c751e8b465ee728b)  -> (artifact id: '4606aabe6119fe13d5fdc2c32a07a817') in 0.020059 seconds 
Number of asset objects unloaded after import = 10
========================================================================
Received Import Request.
  Time since last request: 0.000026 seconds.
  path: Assets/Waiting room/Prefabs/Picture 2.prefab
  artifactKey: Guid(efc9cf1b25c7f044e8a92d2162407257) Importer(815301076,1909f56bfc062723c751e8b465ee728b)
Number of updated assets reloaded before import = 0
Start importing Assets/Waiting room/Prefabs/Picture 2.prefab using Guid(efc9cf1b25c7f044e8a92d2162407257) Importer(815301076,1909f56bfc062723c751e8b465ee728b)  -> (artifact id: '27a11fbfc6790a4167ebae523d9e754c') in 0.022758 seconds 
Number of asset objects unloaded after import = 10
========================================================================
Received Import Request.
  Time since last request: 0.000018 seconds.
  path: Assets/Waiting room/Prefabs/Nameplate 1.prefab
  artifactKey: Guid(895f24e18a858a049b0dc90e4f4c69f8) Importer(815301076,1909f56bfc062723c751e8b465ee728b)
Number of updated assets reloaded before import = 0
Start importing Assets/Waiting room/Prefabs/Nameplate 1.prefab using Guid(895f24e18a858a049b0dc90e4f4c69f8) Importer(815301076,1909f56bfc062723c751e8b465ee728b)  -> (artifact id: '0340ea0ce7ea669d989271e7f44f607f') in 0.021028 seconds 
Number of asset objects unloaded after import = 10
========================================================================
Received Import Request.
  Time since last request: 0.000016 seconds.
  path: Assets/Waiting room/Prefabs/Notice Board.prefab
  artifactKey: Guid(d1db5933a1948944dae37677daf4ec3d) Importer(815301076,1909f56bfc062723c751e8b465ee728b)
Number of updated assets reloaded before import = 0
Start importing Assets/Waiting room/Prefabs/Notice Board.prefab using Guid(d1db5933a1948944dae37677daf4ec3d) Importer(815301076,1909f56bfc062723c751e8b465ee728b)  -> (artifact id: 'c4deed0906104ebe834538f958d21760') in 0.033781 seconds 
Number of asset objects unloaded after import = 11
========================================================================
Received Import Request.
  Time since last request: 0.000028 seconds.
  path: Assets/Waiting room/Prefabs/Fire alarm.prefab
  artifactKey: Guid(0165cd01bf29a014a8b2980d920dc79e) Importer(815301076,1909f56bfc062723c751e8b465ee728b)
Number of updated assets reloaded before import = 0
Start importing Assets/Waiting room/Prefabs/Fire alarm.prefab using Guid(0165cd01bf29a014a8b2980d920dc79e) Importer(815301076,1909f56bfc062723c751e8b465ee728b)  -> (artifact id: 'c6f190f2eedbef8f9760c03da72497f3') in 0.035303 seconds 
Number of asset objects unloaded after import = 11
========================================================================
Received Import Request.
  Time since last request: 0.000014 seconds.
  path: Assets/Waiting room/Prefabs/Water cooler.prefab
  artifactKey: Guid(bb3a511f90787a54496c0f2fccf2115b) Importer(815301076,1909f56bfc062723c751e8b465ee728b)
Number of updated assets reloaded before import = 0
Start importing Assets/Waiting room/Prefabs/Water cooler.prefab using Guid(bb3a511f90787a54496c0f2fccf2115b) Importer(815301076,1909f56bfc062723c751e8b465ee728b)  -> (artifact id: '86b7299066e9ac998593b897a74aa9c4') in 0.021358 seconds 
Number of asset objects unloaded after import = 19
========================================================================
Received Import Request.
  Time since last request: 0.000019 seconds.
  path: Assets/Waiting room/Prefabs/Lamp.prefab
  artifactKey: Guid(e3b7b54ec6346064bafb79fc60c6b0d6) Importer(815301076,1909f56bfc062723c751e8b465ee728b)
Number of updated assets reloaded before import = 0
Start importing Assets/Waiting room/Prefabs/Lamp.prefab using Guid(e3b7b54ec6346064bafb79fc60c6b0d6) Importer(815301076,1909f56bfc062723c751e8b465ee728b)  -> (artifact id: '24b2a63d4868ab68ae66e49f3062a475') in 0.010408 seconds 
Number of asset objects unloaded after import = 10
========================================================================
Received Import Request.
  Time since last request: 0.000020 seconds.
  path: Assets/Waiting room/Prefabs/Clock.prefab
  artifactKey: Guid(611484ebb8b892e4c8da396fb3438c6a) Importer(815301076,1909f56bfc062723c751e8b465ee728b)
Number of updated assets reloaded before import = 0
Start importing Assets/Waiting room/Prefabs/Clock.prefab using Guid(611484ebb8b892e4c8da396fb3438c6a) Importer(815301076,1909f56bfc062723c751e8b465ee728b)  -> (artifact id: '888a1b0ee3a043f92cbe13026cc630aa') in 0.025250 seconds 
Number of asset objects unloaded after import = 10
========================================================================
Received Import Request.
  Time since last request: 0.000021 seconds.
  path: Assets/Waiting room/Prefabs/Picture 1.prefab
  artifactKey: Guid(074ca98364e2abd4fa07b0bddf698325) Importer(815301076,1909f56bfc062723c751e8b465ee728b)
Number of updated assets reloaded before import = 0
Start importing Assets/Waiting room/Prefabs/Picture 1.prefab using Guid(074ca98364e2abd4fa07b0bddf698325) Importer(815301076,1909f56bfc062723c751e8b465ee728b)  -> (artifact id: '7372634f29f0dcaacca19c6959073ab0') in 0.022722 seconds 
Number of asset objects unloaded after import = 10
========================================================================
Received Import Request.
  Time since last request: 0.000018 seconds.
  path: Assets/Waiting room/Prefabs/Fire Hose.prefab
  artifactKey: Guid(9677a170620482c40823b9c237ad9897) Importer(815301076,1909f56bfc062723c751e8b465ee728b)
Number of updated assets reloaded before import = 0
Start importing Assets/Waiting room/Prefabs/Fire Hose.prefab using Guid(9677a170620482c40823b9c237ad9897) Importer(815301076,1909f56bfc062723c751e8b465ee728b)  -> (artifact id: '03a83f65b9b59956abe91bce8ce48297') in 0.031710 seconds 
Number of asset objects unloaded after import = 11
========================================================================
Received Import Request.
  Time since last request: 0.000028 seconds.
  path: Assets/Waiting room/Prefabs/Nameplate 2.prefab
  artifactKey: Guid(7d6c9556a5fab4d4fa99c3488878e6fa) Importer(815301076,1909f56bfc062723c751e8b465ee728b)
Number of updated assets reloaded before import = 0
Start importing Assets/Waiting room/Prefabs/Nameplate 2.prefab using Guid(7d6c9556a5fab4d4fa99c3488878e6fa) Importer(815301076,1909f56bfc062723c751e8b465ee728b)  -> (artifact id: 'e72f7bd49e21f70c54f20faa69a94916') in 0.018819 seconds 
Number of asset objects unloaded after import = 10
========================================================================
Received Import Request.
  Time since last request: 0.000015 seconds.
  path: Assets/Waiting room/Prefabs/Paper.prefab
  artifactKey: Guid(9fe6716e3fd32384eaa23879bf5f4385) Importer(815301076,1909f56bfc062723c751e8b465ee728b)
Number of updated assets reloaded before import = 0
Start importing Assets/Waiting room/Prefabs/Paper.prefab using Guid(9fe6716e3fd32384eaa23879bf5f4385) Importer(815301076,1909f56bfc062723c751e8b465ee728b)  -> (artifact id: 'e7b56bb84f0d09aafaa8ad139e0d52c9') in 0.007764 seconds 
Number of asset objects unloaded after import = 9
========================================================================
Received Import Request.
  Time since last request: 0.000021 seconds.
  path: Assets/Waiting room/Prefabs/Elevator.prefab
  artifactKey: Guid(25b3f9cc0cf71c7438518345975393da) Importer(815301076,1909f56bfc062723c751e8b465ee728b)
Number of updated assets reloaded before import = 0
Start importing Assets/Waiting room/Prefabs/Elevator.prefab using Guid(25b3f9cc0cf71c7438518345975393da) Importer(815301076,1909f56bfc062723c751e8b465ee728b)  -> (artifact id: '76de528c7ec997b9b78313a5b3599988') in 0.034529 seconds 
Number of asset objects unloaded after import = 40
Editor requested this worker to shutdown with reason: Scaling down because of idle timeout
TcpMessagingSession - receive error: operation aborted. errorcode: 995, details: La operación de E/S se anuló por una salida de subproceso o por una solicitud de aplicación.
AssetImportWorker is now disconnected from the server
Process exiting
Exiting without the bug reporter. Application will terminate with return code 0