Using pre-set license
Built from '2022.2/staging' branch; Version is '2022.2.4f1 (8216e0211249) revision 8525536'; Using compiler version '192829333'; Build Type 'Release'
OS: 'Windows 11  (10.0.22621) 64bit Core' Language: 'es' Physical Memory: 24512 MB
BatchMode: 1, IsHumanControllingUs: 0, StartBugReporterOnCrash: 0, Is64bit: 1, IsPro: 1

COMMAND LINE ARGUMENTS:
D:\unity\2022.2.4f1\Editor\Unity.exe
-adb2
-batchMode
-noUpm
-name
AssetImportWorker0
-projectPath
C:/Users/Ouk/Desktop/Cris/RV-CrisMaster/VR_Iplacex_CrisMaster
-logFile
Logs/AssetImportWorker0.log
-srvPort
50864
Successfully changed project path to: C:/Users/Ouk/Desktop/Cris/RV-CrisMaster/VR_Iplacex_CrisMaster
C:/Users/Ouk/Desktop/Cris/RV-CrisMaster/VR_Iplacex_CrisMaster
[UnityMemory] Configuration Parameters - Can be set up in boot.config
    "memorysetup-bucket-allocator-granularity=16"
    "memorysetup-bucket-allocator-bucket-count=8"
    "memorysetup-bucket-allocator-block-size=33554432"
    "memorysetup-bucket-allocator-block-count=8"
    "memorysetup-main-allocator-block-size=16777216"
    "memorysetup-thread-allocator-block-size=16777216"
    "memorysetup-gfx-main-allocator-block-size=16777216"
    "memorysetup-gfx-thread-allocator-block-size=16777216"
    "memorysetup-cache-allocator-block-size=4194304"
    "memorysetup-typetree-allocator-block-size=2097152"
    "memorysetup-profiler-bucket-allocator-granularity=16"
    "memorysetup-profiler-bucket-allocator-bucket-count=8"
    "memorysetup-profiler-bucket-allocator-block-size=33554432"
    "memorysetup-profiler-bucket-allocator-block-count=8"
    "memorysetup-profiler-allocator-block-size=16777216"
    "memorysetup-profiler-editor-allocator-block-size=1048576"
    "memorysetup-temp-allocator-size-main=16777216"
    "memorysetup-job-temp-allocator-block-size=2097152"
    "memorysetup-job-temp-allocator-block-size-background=1048576"
    "memorysetup-job-temp-allocator-reduction-small-platforms=262144"
    "memorysetup-temp-allocator-size-background-worker=32768"
    "memorysetup-temp-allocator-size-job-worker=262144"
    "memorysetup-temp-allocator-size-preload-manager=33554432"
    "memorysetup-temp-allocator-size-nav-mesh-worker=65536"
    "memorysetup-temp-allocator-size-audio-worker=65536"
    "memorysetup-temp-allocator-size-cloud-worker=32768"
    "memorysetup-temp-allocator-size-gi-baking-worker=262144"
    "memorysetup-temp-allocator-size-gfx=262144"
Player connection [44228] Host "[IP] 192.168.1.101 [Port] 0 [Flags] 2 [Guid] 1363138098 [EditorId] 1363138098 [Version] 1048832 [Id] WindowsEditor(7,OukZeroPC) [Debug] 1 [PackageName] WindowsEditor [ProjectName] Editor" joined multi-casting on [225.0.0.222:54997]...

Player connection [44228] Host "[IP] 192.168.1.101 [Port] 0 [Flags] 2 [Guid] 1363138098 [EditorId] 1363138098 [Version] 1048832 [Id] WindowsEditor(7,OukZeroPC) [Debug] 1 [PackageName] WindowsEditor [ProjectName] Editor" joined alternative multi-casting on [225.0.0.222:34997]...

Refreshing native plugins compatible for Editor in 17.42 ms, found 12 plugins.
Preloading 1 native plugins for Editor in 0.59 ms.
Initialize engine version: 2022.2.4f1 (8216e0211249)
[Subsystems] Discovering subsystems at path D:/unity/2022.2.4f1/Editor/Data/Resources/UnitySubsystems
[Subsystems] Discovering subsystems at path C:/Users/Ouk/Desktop/Cris/RV-CrisMaster/VR_Iplacex_CrisMaster/Assets
GfxDevice: creating device client; threaded=0; jobified=0
Direct3D:
    Version:  Direct3D 11.0 [level 11.1]
    Renderer: NVIDIA GeForce RTX 3060 (ID=0x2504)
    Vendor:   NVIDIA
    VRAM:     12129 MB
    Driver:   31.0.15.2849
Initialize mono
Mono path[0] = 'D:/unity/2022.2.4f1/Editor/Data/Managed'
Mono path[1] = 'D:/unity/2022.2.4f1/Editor/Data/MonoBleedingEdge/lib/mono/unityjit-win32'
Mono config path = 'D:/unity/2022.2.4f1/Editor/Data/MonoBleedingEdge/etc'
Using monoOptions --debugger-agent=transport=dt_socket,embedding=1,server=y,suspend=n,address=127.0.0.1:56648
Begin MonoManager ReloadAssembly
Registering precompiled unity dll's ...
Register platform support module: D:/unity/2022.2.4f1/Editor/Data/PlaybackEngines/AndroidPlayer/UnityEditor.Android.Extensions.dll
Register platform support module: D:/unity/2022.2.4f1/Editor/Data/PlaybackEngines/WindowsStandaloneSupport/UnityEditor.WindowsStandalone.Extensions.dll
Registered in 0.002778 seconds.
- Loaded All Assemblies, in  0.317 seconds
Native extension for WindowsStandalone target not found
Native extension for Android target not found
CommandWithNoStdoutInvokationFailure: Unable to start ADB server. Please make sure the Android SDK is installed and is properly configured in the Editor. See the Console for more details.
  at UnityEditor.Android.Command.RunWithShellExecute (System.String command, System.String args, System.String workingdir, System.String errorMsg) [0x00060] in <5c7decafa5c4470fb89e3f968c70dcf7>:0 
  at UnityEditor.Android.ADB.StartServer () [0x00013] in <5c7decafa5c4470fb89e3f968c70dcf7>:0 
  at UnityEditor.Android.ADB.Run (System.String[] command, UnityEditor.Android.Command+WaitingForProcessToExit waitingForProcessToExit, System.String errorMsg) [0x0000b] in <5c7decafa5c4470fb89e3f968c70dcf7>:0 
  at UnityEditor.Android.AndroidDeploymentTargetsExtension.GetKnownTargets (UnityEditor.DeploymentTargets.IDeploymentTargetsMainThreadContext context, UnityEditor.ProgressHandler progressHandler) [0x00284] in <5c7decafa5c4470fb89e3f968c70dcf7>:0 
  at UnityEditor.Android.TargetScanWorker.ScanSync () [0x00039] in <5c7decafa5c4470fb89e3f968c70dcf7>:0 
  at UnityEditor.Android.TargetExtension.OnUsbDevicesChanged (UnityEditor.Hardware.UsbDevice[] usbDevices) [0x00081] in <5c7decafa5c4470fb89e3f968c70dcf7>:0 
  at UnityEditor.Android.TargetExtension.OnLoad () [0x000ad] in <5c7decafa5c4470fb89e3f968c70dcf7>:0 
  at UnityEditor.Modules.ModuleManager.InitializePlatformSupportModules () [0x0009d] in <c119aa0913a0473185a8287e39c3f563>:0 

Mono: successfully reloaded assembly
- Finished resetting the current domain, in  3.514 seconds
Domain Reload Profiling:
	ReloadAssembly (168ms)
		BeginReloadAssembly (67ms)
			ExecutionOrderSort (0ms)
			DisableScriptedObjects (0ms)
			BackupInstance (0ms)
			ReleaseScriptingObjects (0ms)
			CreateAndSetChildDomain (1ms)
		LoadAllAssembliesAndSetupDomain (0ms)
			LoadAssemblies (67ms)
			RebuildTransferFunctionScriptingTraits (0ms)
			SetupTypeCache (146ms)
				TypeCache.Initialize (146ms)
					TypeCache.ScanAssembly (144ms)
				ResolveRequiredComponents (0ms)
		FinalizeReload (0ms)
			ReleaseScriptCaches (0ms)
			RebuildScriptCaches (0ms)
			SetupLoadedEditorAssemblies (3452ms)
				LogAssemblyErrors (0ms)
				InitializePlatformSupportModulesInManaged (3268ms)
				SetLoadedEditorAssemblies (5ms)
				RefreshPlugins (0ms)
				BeforeProcessingInitializeOnLoad (1ms)
				ProcessInitializeOnLoadAttributes (121ms)
				ProcessInitializeOnLoadMethodAttributes (57ms)
				AfterProcessingInitializeOnLoad (0ms)
				EditorAssembliesLoaded (0ms)
			ExecutionOrderSort2 (0ms)
			AwakeInstancesAfterBackupRestoration (0ms)
========================================================================
Worker process is ready to serve import requests
Begin MonoManager ReloadAssembly
Symbol file LoadedFromMemory doesn't match image C:\Users\Ouk\Desktop\Cris\RV-CrisMaster\VR_Iplacex_CrisMaster\Library\PackageCache\com.unity.visualscripting@1.8.0\Editor\VisualScripting.Core\Dependencies\YamlDotNet\Unity.VisualScripting.YamlDotNet.dll
Symbol file LoadedFromMemory doesn't match image C:\Users\Ouk\Desktop\Cris\RV-CrisMaster\VR_Iplacex_CrisMaster\Library\PackageCache\com.unity.visualscripting@1.8.0\Editor\VisualScripting.Core\Dependencies\DotNetZip\Unity.VisualScripting.IonicZip.dll
- Loaded All Assemblies, in  0.921 seconds
Refreshing native plugins compatible for Editor in 10.30 ms, found 12 plugins.
Native extension for WindowsStandalone target not found
Native extension for Android target not found
Package Manager log level set to [2]
[Package Manager] Server::EnsureServerProcessIsRunning -- launch failed, reason: Unity was launched with the -noUpm command-line argument
[Package Manager] UpmClient::Send -- Unable to send message (not connected to UPM process).
[Package Manager] Cannot connect to Unity Package Manager local server
System.Reflection.TargetInvocationException: Exception has been thrown by the target of an invocation. ---> System.NullReferenceException: Object reference not set to an instance of an object
  at Unity.XR.Oculus.OculusLoader.AssetPathToAbsolutePath (System.String assetPath) [0x0003d] in .\Library\PackageCache\com.unity.xr.oculus@3.2.2\Runtime\OculusLoader.cs:296 
  at Unity.XR.Oculus.OculusLoader.EditorLoadOVRPlugin () [0x0007b] in .\Library\PackageCache\com.unity.xr.oculus@3.2.2\Runtime\OculusLoader.cs:281 
  at (wrapper managed-to-native) System.Reflection.RuntimeMethodInfo.InternalInvoke(System.Reflection.RuntimeMethodInfo,object,object[],System.Exception&)
  at System.Reflection.RuntimeMethodInfo.Invoke (System.Object obj, System.Reflection.BindingFlags invokeAttr, System.Reflection.Binder binder, System.Object[] parameters, System.Globalization.CultureInfo culture) [0x0006a] in <0da48681ced7494d83ae6a612d2206fc>:0 
   --- End of inner exception stack trace ---
  at System.Reflection.RuntimeMethodInfo.Invoke (System.Object obj, System.Reflection.BindingFlags invokeAttr, System.Reflection.Binder binder, System.Object[] parameters, System.Globalization.CultureInfo culture) [0x00083] in <0da48681ced7494d83ae6a612d2206fc>:0 
  at System.Reflection.MethodBase.Invoke (System.Object obj, System.Object[] parameters) [0x00000] in <0da48681ced7494d83ae6a612d2206fc>:0 
  at UnityEditor.EditorAssemblies.ProcessInitializeOnLoadMethodAttributes () [0x000a5] in <c119aa0913a0473185a8287e39c3f563>:0 
UnityEngine.StackTraceUtility:ExtractStackTrace ()
UnityEngine.DebugLogHandler:LogFormat (UnityEngine.LogType,UnityEngine.Object,string,object[])
UnityEngine.Logger:Log (UnityEngine.LogType,object)
UnityEngine.Debug:LogError (object)
UnityEditor.EditorAssemblies:ProcessInitializeOnLoadMethodAttributes ()

Mono: successfully reloaded assembly
[Package Manager] Server::EnsureServerProcessIsRunning -- launch failed, reason: Unity was launched with the -noUpm command-line argument
[Package Manager] UpmClient::Send -- Unable to send message (not connected to UPM process).
[Package Manager] Cannot connect to Unity Package Manager local server
[Package Manager] Server::EnsureServerProcessIsRunning -- launch failed, reason: Unity was launched with the -noUpm command-line argument
[Package Manager] UpmClient::Send -- Unable to send message (not connected to UPM process).
[Package Manager] Cannot connect to Unity Package Manager local server
- Finished resetting the current domain, in  0.577 seconds
Domain Reload Profiling:
	ReloadAssembly (221ms)
		BeginReloadAssembly (120ms)
			ExecutionOrderSort (0ms)
			DisableScriptedObjects (6ms)
			BackupInstance (0ms)
			ReleaseScriptingObjects (0ms)
			CreateAndSetChildDomain (26ms)
		LoadAllAssembliesAndSetupDomain (698ms)
			LoadAssemblies (234ms)
			RebuildTransferFunctionScriptingTraits (0ms)
			SetupTypeCache (512ms)
				TypeCache.Initialize (373ms)
					TypeCache.ScanAssembly (366ms)
				ResolveRequiredComponents (5ms)
		FinalizeReload (0ms)
			ReleaseScriptCaches (0ms)
			RebuildScriptCaches (0ms)
			SetupLoadedEditorAssemblies (405ms)
				LogAssemblyErrors (0ms)
				InitializePlatformSupportModulesInManaged (16ms)
				SetLoadedEditorAssemblies (3ms)
				RefreshPlugins (0ms)
				BeforeProcessingInitializeOnLoad (57ms)
				ProcessInitializeOnLoadAttributes (297ms)
				ProcessInitializeOnLoadMethodAttributes (31ms)
				AfterProcessingInitializeOnLoad (2ms)
				EditorAssembliesLoaded (0ms)
			ExecutionOrderSort2 (0ms)
			AwakeInstancesAfterBackupRestoration (6ms)
Launched and connected shader compiler UnityShaderCompiler.exe after 0.03 seconds
Refreshing native plugins compatible for Editor in 9.77 ms, found 12 plugins.
Preloading 1 native plugins for Editor in 0.07 ms.
Unloading 3907 Unused Serialized files (Serialized files now loaded: 0)
Unloading 50 unused Assets / (52.9 KB). Loaded Objects now: 4354.
Memory consumption went from 0.59 GB to 0.59 GB.
Total: 3.529200 ms (FindLiveObjects: 0.393800 ms CreateObjectMapping: 0.411600 ms MarkObjects: 2.654600 ms  DeleteObjects: 0.068300 ms)

AssetImportParameters requested are different than current active one (requested -> active):
  custom:container-demuxer-ogg: 62fdf1f143b41e24485cea50d1cbac27 -> 
  custom:video-decoder-ogg-theora: a1e56fd34408186e4bbccfd4996cb3dc -> 
  custom:framework-win-MediaFoundation: 216162199b28c13a410421893ffa2e32 -> 
  custom:container-demuxer-webm: 4f35f7cbe854078d1ac9338744f61a02 -> 
  custom:container-muxer-webm: aa71ff27fc2769a1b78a27578f13a17b -> 
  custom:video-decoder-webm-vp8: 9c59270c3fd7afecdb556c50c9e8de78 -> 
  custom:AudioImporter_EditorPlatform: d09bf68614088b80899f8185d706f6e7 -> 
  custom:video-encoder-webm-vp8: eb34c28f22e8b96e1ab97ce403110664 -> 
  custom:audio-decoder-ogg-vorbis: bf7c407c2cedff20999df2af8eb42d56 -> 
  custom:audio-encoder-webm-vorbis: bf7c407c2cedff20999df2af8eb42d56 -> 
========================================================================
Received Import Request.
  Time since last request: 191977.787254 seconds.
  path: Assets/Scenes/Menu_Inspeccion_Cuerpo.unity
  artifactKey: Guid(5f7b4fa233a26d2488eaac7071cc7fd5) Importer(815301076,1909f56bfc062723c751e8b465ee728b)
Number of updated assets reloaded before import = 0
Start importing Assets/Scenes/Menu_Inspeccion_Cuerpo.unity using Guid(5f7b4fa233a26d2488eaac7071cc7fd5) Importer(815301076,1909f56bfc062723c751e8b465ee728b)  -> (artifact id: '2f29455609457a2b6b9eeffad3cb9c86') in 0.001883 seconds 
Number of asset objects unloaded after import = 0
========================================================================
Received Import Request.
  Time since last request: 11.761360 seconds.
  path: Assets/Scenes/EscenaBotiquin.unity
  artifactKey: Guid(30084205971a4364681830353e59c369) Importer(815301076,1909f56bfc062723c751e8b465ee728b)
Number of updated assets reloaded before import = 0
Start importing Assets/Scenes/EscenaBotiquin.unity using Guid(30084205971a4364681830353e59c369) Importer(815301076,1909f56bfc062723c751e8b465ee728b)  -> (artifact id: '4b844337c9414a81e488ef19dab6a5bc') in 0.000588 seconds 
Number of asset objects unloaded after import = 0
========================================================================
Received Prepare
Begin MonoManager ReloadAssembly
Symbol file LoadedFromMemory doesn't match image C:\Users\Ouk\Desktop\Cris\RV-CrisMaster\VR_Iplacex_CrisMaster\Library\PackageCache\com.unity.visualscripting@1.8.0\Editor\VisualScripting.Core\Dependencies\YamlDotNet\Unity.VisualScripting.YamlDotNet.dll
Symbol file LoadedFromMemory doesn't match image C:\Users\Ouk\Desktop\Cris\RV-CrisMaster\VR_Iplacex_CrisMaster\Library\PackageCache\com.unity.visualscripting@1.8.0\Editor\VisualScripting.Core\Dependencies\DotNetZip\Unity.VisualScripting.IonicZip.dll
- Loaded All Assemblies, in  0.906 seconds
Refreshing native plugins compatible for Editor in 11.49 ms, found 12 plugins.
Native extension for WindowsStandalone target not found
Native extension for Android target not found
[Package Manager] Server::EnsureServerProcessIsRunning -- launch failed, reason: Unity was launched with the -noUpm command-line argument
[Package Manager] UpmClient::Send -- Unable to send message (not connected to UPM process).
[Package Manager] Cannot connect to Unity Package Manager local server
System.Reflection.TargetInvocationException: Exception has been thrown by the target of an invocation. ---> System.NullReferenceException: Object reference not set to an instance of an object
  at Unity.XR.Oculus.OculusLoader.AssetPathToAbsolutePath (System.String assetPath) [0x0003d] in .\Library\PackageCache\com.unity.xr.oculus@3.2.2\Runtime\OculusLoader.cs:296 
  at Unity.XR.Oculus.OculusLoader.EditorLoadOVRPlugin () [0x0007b] in .\Library\PackageCache\com.unity.xr.oculus@3.2.2\Runtime\OculusLoader.cs:281 
  at (wrapper managed-to-native) System.Reflection.RuntimeMethodInfo.InternalInvoke(System.Reflection.RuntimeMethodInfo,object,object[],System.Exception&)
  at System.Reflection.RuntimeMethodInfo.Invoke (System.Object obj, System.Reflection.BindingFlags invokeAttr, System.Reflection.Binder binder, System.Object[] parameters, System.Globalization.CultureInfo culture) [0x0006a] in <0da48681ced7494d83ae6a612d2206fc>:0 
   --- End of inner exception stack trace ---
  at System.Reflection.RuntimeMethodInfo.Invoke (System.Object obj, System.Reflection.BindingFlags invokeAttr, System.Reflection.Binder binder, System.Object[] parameters, System.Globalization.CultureInfo culture) [0x00083] in <0da48681ced7494d83ae6a612d2206fc>:0 
  at System.Reflection.MethodBase.Invoke (System.Object obj, System.Object[] parameters) [0x00000] in <0da48681ced7494d83ae6a612d2206fc>:0 
  at UnityEditor.EditorAssemblies.ProcessInitializeOnLoadMethodAttributes () [0x000a5] in <c119aa0913a0473185a8287e39c3f563>:0 
UnityEngine.StackTraceUtility:ExtractStackTrace ()
UnityEngine.DebugLogHandler:LogFormat (UnityEngine.LogType,UnityEngine.Object,string,object[])
UnityEngine.Logger:Log (UnityEngine.LogType,object)
UnityEngine.Debug:LogError (object)
UnityEditor.EditorAssemblies:ProcessInitializeOnLoadMethodAttributes ()

Mono: successfully reloaded assembly
[Package Manager] Server::EnsureServerProcessIsRunning -- launch failed, reason: Unity was launched with the -noUpm command-line argument
[Package Manager] UpmClient::Send -- Unable to send message (not connected to UPM process).
[Package Manager] Cannot connect to Unity Package Manager local server
- Finished resetting the current domain, in  0.947 seconds
Domain Reload Profiling:
	ReloadAssembly (227ms)
		BeginReloadAssembly (149ms)
			ExecutionOrderSort (0ms)
			DisableScriptedObjects (6ms)
			BackupInstance (0ms)
			ReleaseScriptingObjects (0ms)
			CreateAndSetChildDomain (53ms)
		LoadAllAssembliesAndSetupDomain (677ms)
			LoadAssemblies (222ms)
			RebuildTransferFunctionScriptingTraits (0ms)
			SetupTypeCache (503ms)
				TypeCache.Initialize (356ms)
					TypeCache.ScanAssembly (349ms)
				ResolveRequiredComponents (5ms)
		FinalizeReload (0ms)
			ReleaseScriptCaches (0ms)
			RebuildScriptCaches (0ms)
			SetupLoadedEditorAssemblies (467ms)
				LogAssemblyErrors (0ms)
				InitializePlatformSupportModulesInManaged (22ms)
				SetLoadedEditorAssemblies (3ms)
				RefreshPlugins (0ms)
				BeforeProcessingInitializeOnLoad (74ms)
				ProcessInitializeOnLoadAttributes (328ms)
				ProcessInitializeOnLoadMethodAttributes (37ms)
				AfterProcessingInitializeOnLoad (2ms)
				EditorAssembliesLoaded (0ms)
			ExecutionOrderSort2 (0ms)
			AwakeInstancesAfterBackupRestoration (7ms)
Refreshing native plugins compatible for Editor in 12.67 ms, found 12 plugins.
Preloading 1 native plugins for Editor in 0.06 ms.
Unloading 3869 Unused Serialized files (Serialized files now loaded: 0)
Unloading 44 unused Assets / (47.2 KB). Loaded Objects now: 4358.
Memory consumption went from 0.58 GB to 0.58 GB.
Total: 5.359900 ms (FindLiveObjects: 0.438500 ms CreateObjectMapping: 0.600100 ms MarkObjects: 4.186400 ms  DeleteObjects: 0.133300 ms)

AssetImportParameters requested are different than current active one (requested -> active):
  custom:container-demuxer-ogg: 62fdf1f143b41e24485cea50d1cbac27 -> 
  custom:video-decoder-ogg-theora: a1e56fd34408186e4bbccfd4996cb3dc -> 
  custom:framework-win-MediaFoundation: 216162199b28c13a410421893ffa2e32 -> 
  custom:container-demuxer-webm: 4f35f7cbe854078d1ac9338744f61a02 -> 
  custom:container-muxer-webm: aa71ff27fc2769a1b78a27578f13a17b -> 
  custom:video-decoder-webm-vp8: 9c59270c3fd7afecdb556c50c9e8de78 -> 
  custom:AudioImporter_EditorPlatform: d09bf68614088b80899f8185d706f6e7 -> 
  custom:video-encoder-webm-vp8: eb34c28f22e8b96e1ab97ce403110664 -> 
  custom:audio-decoder-ogg-vorbis: bf7c407c2cedff20999df2af8eb42d56 -> 
  custom:audio-encoder-webm-vorbis: bf7c407c2cedff20999df2af8eb42d56 -> 
========================================================================
Received Prepare
Begin MonoManager ReloadAssembly
Symbol file LoadedFromMemory doesn't match image C:\Users\Ouk\Desktop\Cris\RV-CrisMaster\VR_Iplacex_CrisMaster\Library\PackageCache\com.unity.visualscripting@1.8.0\Editor\VisualScripting.Core\Dependencies\YamlDotNet\Unity.VisualScripting.YamlDotNet.dll
Symbol file LoadedFromMemory doesn't match image C:\Users\Ouk\Desktop\Cris\RV-CrisMaster\VR_Iplacex_CrisMaster\Library\PackageCache\com.unity.visualscripting@1.8.0\Editor\VisualScripting.Core\Dependencies\DotNetZip\Unity.VisualScripting.IonicZip.dll
- Loaded All Assemblies, in  0.851 seconds
Refreshing native plugins compatible for Editor in 9.78 ms, found 12 plugins.
Native extension for WindowsStandalone target not found
Native extension for Android target not found
[Package Manager] Server::EnsureServerProcessIsRunning -- launch failed, reason: Unity was launched with the -noUpm command-line argument
[Package Manager] UpmClient::Send -- Unable to send message (not connected to UPM process).
[Package Manager] Cannot connect to Unity Package Manager local server
System.Reflection.TargetInvocationException: Exception has been thrown by the target of an invocation. ---> System.NullReferenceException: Object reference not set to an instance of an object
  at Unity.XR.Oculus.OculusLoader.AssetPathToAbsolutePath (System.String assetPath) [0x0003d] in .\Library\PackageCache\com.unity.xr.oculus@3.2.2\Runtime\OculusLoader.cs:296 
  at Unity.XR.Oculus.OculusLoader.EditorLoadOVRPlugin () [0x0007b] in .\Library\PackageCache\com.unity.xr.oculus@3.2.2\Runtime\OculusLoader.cs:281 
  at (wrapper managed-to-native) System.Reflection.RuntimeMethodInfo.InternalInvoke(System.Reflection.RuntimeMethodInfo,object,object[],System.Exception&)
  at System.Reflection.RuntimeMethodInfo.Invoke (System.Object obj, System.Reflection.BindingFlags invokeAttr, System.Reflection.Binder binder, System.Object[] parameters, System.Globalization.CultureInfo culture) [0x0006a] in <0da48681ced7494d83ae6a612d2206fc>:0 
   --- End of inner exception stack trace ---
  at System.Reflection.RuntimeMethodInfo.Invoke (System.Object obj, System.Reflection.BindingFlags invokeAttr, System.Reflection.Binder binder, System.Object[] parameters, System.Globalization.CultureInfo culture) [0x00083] in <0da48681ced7494d83ae6a612d2206fc>:0 
  at System.Reflection.MethodBase.Invoke (System.Object obj, System.Object[] parameters) [0x00000] in <0da48681ced7494d83ae6a612d2206fc>:0 
  at UnityEditor.EditorAssemblies.ProcessInitializeOnLoadMethodAttributes () [0x000a5] in <c119aa0913a0473185a8287e39c3f563>:0 
UnityEngine.StackTraceUtility:ExtractStackTrace ()
UnityEngine.DebugLogHandler:LogFormat (UnityEngine.LogType,UnityEngine.Object,string,object[])
UnityEngine.Logger:Log (UnityEngine.LogType,object)
UnityEngine.Debug:LogError (object)
UnityEditor.EditorAssemblies:ProcessInitializeOnLoadMethodAttributes ()

Mono: successfully reloaded assembly
[Package Manager] Server::EnsureServerProcessIsRunning -- launch failed, reason: Unity was launched with the -noUpm command-line argument
[Package Manager] UpmClient::Send -- Unable to send message (not connected to UPM process).
[Package Manager] Cannot connect to Unity Package Manager local server
- Finished resetting the current domain, in  0.957 seconds
Domain Reload Profiling:
	ReloadAssembly (206ms)
		BeginReloadAssembly (134ms)
			ExecutionOrderSort (0ms)
			DisableScriptedObjects (5ms)
			BackupInstance (0ms)
			ReleaseScriptingObjects (0ms)
			CreateAndSetChildDomain (46ms)
		LoadAllAssembliesAndSetupDomain (643ms)
			LoadAssemblies (211ms)
			RebuildTransferFunctionScriptingTraits (0ms)
			SetupTypeCache (480ms)
				TypeCache.Initialize (330ms)
					TypeCache.ScanAssembly (323ms)
				ResolveRequiredComponents (6ms)
		FinalizeReload (0ms)
			ReleaseScriptCaches (0ms)
			RebuildScriptCaches (0ms)
			SetupLoadedEditorAssemblies (469ms)
				LogAssemblyErrors (0ms)
				InitializePlatformSupportModulesInManaged (21ms)
				SetLoadedEditorAssemblies (4ms)
				RefreshPlugins (0ms)
				BeforeProcessingInitializeOnLoad (73ms)
				ProcessInitializeOnLoadAttributes (336ms)
				ProcessInitializeOnLoadMethodAttributes (34ms)
				AfterProcessingInitializeOnLoad (2ms)
				EditorAssembliesLoaded (0ms)
			ExecutionOrderSort2 (0ms)
			AwakeInstancesAfterBackupRestoration (6ms)
Refreshing native plugins compatible for Editor in 12.25 ms, found 12 plugins.
Preloading 1 native plugins for Editor in 0.06 ms.
Unloading 3870 Unused Serialized files (Serialized files now loaded: 0)
Unloading 44 unused Assets / (54.4 KB). Loaded Objects now: 4362.
Memory consumption went from 0.58 GB to 0.58 GB.
Total: 5.474100 ms (FindLiveObjects: 0.489000 ms CreateObjectMapping: 0.788600 ms MarkObjects: 4.080700 ms  DeleteObjects: 0.114500 ms)

AssetImportParameters requested are different than current active one (requested -> active):
  custom:container-demuxer-ogg: 62fdf1f143b41e24485cea50d1cbac27 -> 
  custom:video-decoder-ogg-theora: a1e56fd34408186e4bbccfd4996cb3dc -> 
  custom:framework-win-MediaFoundation: 216162199b28c13a410421893ffa2e32 -> 
  custom:container-demuxer-webm: 4f35f7cbe854078d1ac9338744f61a02 -> 
  custom:container-muxer-webm: aa71ff27fc2769a1b78a27578f13a17b -> 
  custom:video-decoder-webm-vp8: 9c59270c3fd7afecdb556c50c9e8de78 -> 
  custom:AudioImporter_EditorPlatform: d09bf68614088b80899f8185d706f6e7 -> 
  custom:video-encoder-webm-vp8: eb34c28f22e8b96e1ab97ce403110664 -> 
  custom:audio-decoder-ogg-vorbis: bf7c407c2cedff20999df2af8eb42d56 -> 
  custom:audio-encoder-webm-vorbis: bf7c407c2cedff20999df2af8eb42d56 -> 
========================================================================
Received Import Request.
  Time since last request: 147.668096 seconds.
  path: Assets/Scenes/EscenaBotiquin.unity
  artifactKey: Guid(30084205971a4364681830353e59c369) Importer(815301076,1909f56bfc062723c751e8b465ee728b)
Number of updated assets reloaded before import = 0
Start importing Assets/Scenes/EscenaBotiquin.unity using Guid(30084205971a4364681830353e59c369) Importer(815301076,1909f56bfc062723c751e8b465ee728b)  -> (artifact id: '011b36cdddb1f2868d61b6c4478fb829') in 0.001983 seconds 
Number of asset objects unloaded after import = 0
========================================================================
Received Import Request.
  Time since last request: 98.816527 seconds.
  path: Assets/Botiquin/Modelos
  artifactKey: Guid(b534f55e1ff9d9d4c9a8215fb8e69bc1) Importer(815301076,1909f56bfc062723c751e8b465ee728b)
Number of updated assets reloaded before import = 0
Start importing Assets/Botiquin/Modelos using Guid(b534f55e1ff9d9d4c9a8215fb8e69bc1) Importer(815301076,1909f56bfc062723c751e8b465ee728b)  -> (artifact id: '1f1b2957a9390f63fadf7993ab5fe3ac') in 0.000649 seconds 
Number of asset objects unloaded after import = 0
========================================================================
Received Import Request.
  Time since last request: 86.271046 seconds.
  path: Assets/Botiquin/Modelos/alcohol pad
  artifactKey: Guid(fc1dd10b8027fda458b3df3208208960) Importer(815301076,1909f56bfc062723c751e8b465ee728b)
Number of updated assets reloaded before import = 0
Start importing Assets/Botiquin/Modelos/alcohol pad using Guid(fc1dd10b8027fda458b3df3208208960) Importer(815301076,1909f56bfc062723c751e8b465ee728b)  -> (artifact id: '0d99f0bfbe75de0a12beda88c5e7ec41') in 0.000612 seconds 
Number of asset objects unloaded after import = 0
========================================================================
Received Import Request.
  Time since last request: 0.051648 seconds.
  path: Assets/Botiquin/Modelos/alcohol pad/alcoholpad.FBX
  artifactKey: Guid(af21710dc030aa8448a358afbae60f94) Importer(815301076,1909f56bfc062723c751e8b465ee728b)
Number of updated assets reloaded before import = 0
Start importing Assets/Botiquin/Modelos/alcohol pad/alcoholpad.FBX using Guid(af21710dc030aa8448a358afbae60f94) Importer(815301076,1909f56bfc062723c751e8b465ee728b)  -> (artifact id: '64e46110c1009ce9b312acaaad1a4a5c') in 0.270472 seconds 
Number of asset objects unloaded after import = 12
========================================================================
Received Import Request.
  Time since last request: 22.835353 seconds.
  path: Assets/Botiquin/Modelos/Botiquin/Botiquin3.fbx
  artifactKey: Guid(3cc85e971acbff24db9043b0f6b213bd) Importer(815301076,1909f56bfc062723c751e8b465ee728b)
Number of updated assets reloaded before import = 0
Start importing Assets/Botiquin/Modelos/Botiquin/Botiquin3.fbx using Guid(3cc85e971acbff24db9043b0f6b213bd) Importer(815301076,1909f56bfc062723c751e8b465ee728b)  -> (artifact id: '0faa51a5e5a7fdbc3c0002aff9d040bb') in 0.258032 seconds 
Number of asset objects unloaded after import = 26
========================================================================
Received Import Request.
  Time since last request: 0.000019 seconds.
  path: Assets/Botiquin/Modelos/aposito_absorvente/apositoabsorvente.obj
  artifactKey: Guid(d72a7881e22245d448df4df260a5a707) Importer(815301076,1909f56bfc062723c751e8b465ee728b)
Number of updated assets reloaded before import = 0
Start importing Assets/Botiquin/Modelos/aposito_absorvente/apositoabsorvente.obj using Guid(d72a7881e22245d448df4df260a5a707) Importer(815301076,1909f56bfc062723c751e8b465ee728b)  -> (artifact id: '3375770a6001021c36df3d6b21339e9d') in 0.101213 seconds 
Number of asset objects unloaded after import = 13
========================================================================
Received Import Request.
  Time since last request: 0.000029 seconds.
  path: Assets/Botiquin/Modelos/gasa no tejida 10x10/gasanotejida10x10.obj
  artifactKey: Guid(0a5e93d0805e9904fa6c20231df4b2de) Importer(815301076,1909f56bfc062723c751e8b465ee728b)
Number of updated assets reloaded before import = 0
Start importing Assets/Botiquin/Modelos/gasa no tejida 10x10/gasanotejida10x10.obj using Guid(0a5e93d0805e9904fa6c20231df4b2de) Importer(815301076,1909f56bfc062723c751e8b465ee728b)  -> (artifact id: '8ddd5d2892de21d60de30193f5c9c625') in 0.053090 seconds 
Number of asset objects unloaded after import = 14
========================================================================
Received Import Request.
  Time since last request: 0.000018 seconds.
  path: Assets/Modelos/Botiquin/botiquin.obj
  artifactKey: Guid(9d5bde49199e75e40a74e7fd97900d07) Importer(815301076,1909f56bfc062723c751e8b465ee728b)
Number of updated assets reloaded before import = 0
Start importing Assets/Modelos/Botiquin/botiquin.obj using Guid(9d5bde49199e75e40a74e7fd97900d07) Importer(815301076,1909f56bfc062723c751e8b465ee728b)  -> (artifact id: '9219068e7ee534f2cbd0070bdc4a8eed') in 0.032072 seconds 
Number of asset objects unloaded after import = 15
========================================================================
Received Import Request.
  Time since last request: 0.000035 seconds.
  path: Assets/Modelos/gasa no tejida 10x10/gasanotejida10x10.obj
  artifactKey: Guid(5d8931de6ac9e9245b51696c018e8d87) Importer(815301076,1909f56bfc062723c751e8b465ee728b)
Number of updated assets reloaded before import = 0
Start importing Assets/Modelos/gasa no tejida 10x10/gasanotejida10x10.obj using Guid(5d8931de6ac9e9245b51696c018e8d87) Importer(815301076,1909f56bfc062723c751e8b465ee728b)  -> (artifact id: '9205c9510e5c77c13e2a3d3498f85bfb') in 0.040589 seconds 
Number of asset objects unloaded after import = 13
========================================================================
Received Import Request.
  Time since last request: 0.000022 seconds.
  path: Assets/Botiquin/Modelos/gasa parafinada/07___Default.mat
  artifactKey: Guid(25c4851bef94b9e47b6a6e817a9f318c) Importer(815301076,1909f56bfc062723c751e8b465ee728b)
Number of updated assets reloaded before import = 0
Start importing Assets/Botiquin/Modelos/gasa parafinada/07___Default.mat using Guid(25c4851bef94b9e47b6a6e817a9f318c) Importer(815301076,1909f56bfc062723c751e8b465ee728b)  -> (artifact id: 'acb99ba372584c110cbec7a16531bc9a') in 0.020144 seconds 
Number of asset objects unloaded after import = 2
========================================================================
Received Import Request.
  Time since last request: 0.000020 seconds.
  path: Assets/Botiquin/Modelos/Botiquin/Botiquin4.fbx
  artifactKey: Guid(e85ea13f945da714e940d3cce972798b) Importer(815301076,1909f56bfc062723c751e8b465ee728b)
Number of updated assets reloaded before import = 0
Start importing Assets/Botiquin/Modelos/Botiquin/Botiquin4.fbx using Guid(e85ea13f945da714e940d3cce972798b) Importer(815301076,1909f56bfc062723c751e8b465ee728b)  -> (artifact id: 'c10337140895b3846281956b6a8f4690') in 0.051709 seconds 
Number of asset objects unloaded after import = 26
========================================================================
Received Import Request.
  Time since last request: 0.000017 seconds.
  path: Assets/Botiquin/Modelos/gasa no tejida 10x10/gasanotejida10x10.FBX
  artifactKey: Guid(ddacb637aa98b3242a8307eddccb698f) Importer(815301076,1909f56bfc062723c751e8b465ee728b)
Number of updated assets reloaded before import = 0
Start importing Assets/Botiquin/Modelos/gasa no tejida 10x10/gasanotejida10x10.FBX using Guid(ddacb637aa98b3242a8307eddccb698f) Importer(815301076,1909f56bfc062723c751e8b465ee728b)  -> (artifact id: 'dbfcefb16f627f4c0ca62c688a3a2ff4') in 0.048532 seconds 
Number of asset objects unloaded after import = 12
========================================================================
Received Import Request.
  Time since last request: 0.000030 seconds.
  path: Assets/Botiquin/Modelos/algodon/algodon.FBX
  artifactKey: Guid(238f1c98a0c428b49bb0f3fe6ce4035f) Importer(815301076,1909f56bfc062723c751e8b465ee728b)
Number of updated assets reloaded before import = 0
Start importing Assets/Botiquin/Modelos/algodon/algodon.FBX using Guid(238f1c98a0c428b49bb0f3fe6ce4035f) Importer(815301076,1909f56bfc062723c751e8b465ee728b)  -> (artifact id: '808e816a9a8822135ba97208c2522ec9') in 0.050898 seconds 
Number of asset objects unloaded after import = 11
========================================================================
Received Import Request.
  Time since last request: 0.000024 seconds.
  path: Assets/Habitacion/uploads_files_3910300_Consulting+Room+-+01+-+3D+Model.FBX
  artifactKey: Guid(b998d4072f0971944a85a8a03e1085df) Importer(815301076,1909f56bfc062723c751e8b465ee728b)
Number of updated assets reloaded before import = 0
Start importing Assets/Habitacion/uploads_files_3910300_Consulting+Room+-+01+-+3D+Model.FBX using Guid(b998d4072f0971944a85a8a03e1085df) Importer(815301076,1909f56bfc062723c751e8b465ee728b)  -> (artifact id: '433dd60a83f504d8c9644def25541f5a') in 1.180227 seconds 
Number of asset objects unloaded after import = 960
========================================================================
Received Import Request.
  Time since last request: 0.000019 seconds.
  path: Assets/Botiquin/Modelos/Botiquin/BotiquinZup.FBX
  artifactKey: Guid(44a8f61a4d3228b4e8420fea59ec3752) Importer(815301076,1909f56bfc062723c751e8b465ee728b)
Number of updated assets reloaded before import = 0
Start importing Assets/Botiquin/Modelos/Botiquin/BotiquinZup.FBX using Guid(44a8f61a4d3228b4e8420fea59ec3752) Importer(815301076,1909f56bfc062723c751e8b465ee728b)  -> (artifact id: 'c8b0579c43443215e5d68586c3bbc0ba') in 0.049464 seconds 
Number of asset objects unloaded after import = 26
========================================================================
Received Import Request.
  Time since last request: 0.000027 seconds.
  path: Assets/Modelos/cloruro de sodio/clorurodesodio.obj
  artifactKey: Guid(d5f7bf960e3b3984ea2e5ba8bde7f26a) Importer(815301076,1909f56bfc062723c751e8b465ee728b)
Number of updated assets reloaded before import = 0
Start importing Assets/Modelos/cloruro de sodio/clorurodesodio.obj using Guid(d5f7bf960e3b3984ea2e5ba8bde7f26a) Importer(815301076,1909f56bfc062723c751e8b465ee728b)  -> (artifact id: 'ff4301779e37b75eb18909928e5d4e3a') in 0.073020 seconds 
Number of asset objects unloaded after import = 11
========================================================================
Received Import Request.
  Time since last request: 0.000019 seconds.
  path: Assets/Modelos/gasa parafinada/gasaparafinada.obj
  artifactKey: Guid(b2be018e64672db459378aceb7da94bb) Importer(815301076,1909f56bfc062723c751e8b465ee728b)
Number of updated assets reloaded before import = 0
Start importing Assets/Modelos/gasa parafinada/gasaparafinada.obj using Guid(b2be018e64672db459378aceb7da94bb) Importer(815301076,1909f56bfc062723c751e8b465ee728b)  -> (artifact id: '376da3d03fd52490e5db04013d80541f') in 0.037666 seconds 
Number of asset objects unloaded after import = 13
========================================================================
Received Import Request.
  Time since last request: 0.000020 seconds.
  path: Assets/Botiquin/Modelos/Botiquin/BotiquinYup.FBX
  artifactKey: Guid(a5d2bb858b5dc38428b6b332c07a66a1) Importer(815301076,1909f56bfc062723c751e8b465ee728b)
Number of updated assets reloaded before import = 0
Start importing Assets/Botiquin/Modelos/Botiquin/BotiquinYup.FBX using Guid(a5d2bb858b5dc38428b6b332c07a66a1) Importer(815301076,1909f56bfc062723c751e8b465ee728b)  -> (artifact id: '118ac64292ff13e69b41e72b91c46741') in 0.049539 seconds 
Number of asset objects unloaded after import = 26
========================================================================
Received Import Request.
  Time since last request: 0.000016 seconds.
  path: Assets/Botiquin/Modelos/cloruro de sodio/clorurodesodio.obj
  artifactKey: Guid(ebac066f6da88984d82ffcb18a615e9b) Importer(815301076,1909f56bfc062723c751e8b465ee728b)
Number of updated assets reloaded before import = 0
Start importing Assets/Botiquin/Modelos/cloruro de sodio/clorurodesodio.obj using Guid(ebac066f6da88984d82ffcb18a615e9b) Importer(815301076,1909f56bfc062723c751e8b465ee728b)  -> (artifact id: 'a3eef92aef0063607804f2e3e77adc77') in 0.065812 seconds 
Number of asset objects unloaded after import = 11
========================================================================
Received Import Request.
  Time since last request: 9.408124 seconds.
  path: Assets/Materiales/Materials/images.mat
  artifactKey: Guid(fa7c1f4494eb3ba468a9c72bae5f5db0) Importer(815301076,1909f56bfc062723c751e8b465ee728b)
Number of updated assets reloaded before import = 0
Start importing Assets/Materiales/Materials/images.mat using Guid(fa7c1f4494eb3ba468a9c72bae5f5db0) Importer(815301076,1909f56bfc062723c751e8b465ee728b)  -> (artifact id: '9222c8945b430bfbe13ec208f0437ef8') in 0.014529 seconds 
Number of asset objects unloaded after import = 2
========================================================================
Received Import Request.
  Time since last request: 0.000029 seconds.
  path: Assets/Botiquin/Modelos/aposito de gasa/apositogasa.FBX
  artifactKey: Guid(72269ab14b2d1814b8bd93c65bb938a7) Importer(815301076,1909f56bfc062723c751e8b465ee728b)
Number of updated assets reloaded before import = 0
Start importing Assets/Botiquin/Modelos/aposito de gasa/apositogasa.FBX using Guid(72269ab14b2d1814b8bd93c65bb938a7) Importer(815301076,1909f56bfc062723c751e8b465ee728b)  -> (artifact id: '53e4f10702707ad367732c6f695e801a') in 0.058749 seconds 
Number of asset objects unloaded after import = 12
========================================================================
Received Import Request.
  Time since last request: 0.000030 seconds.
  path: Assets/TextMesh Pro/Resources/Fonts & Materials/LiberationSans SDF - Fallback.asset
  artifactKey: Guid(2e498d1c8094910479dc3e1b768306a4) Importer(815301076,1909f56bfc062723c751e8b465ee728b)
Number of updated assets reloaded before import = 0
Start importing Assets/TextMesh Pro/Resources/Fonts & Materials/LiberationSans SDF - Fallback.asset using Guid(2e498d1c8094910479dc3e1b768306a4) Importer(815301076,1909f56bfc062723c751e8b465ee728b)  -> (artifact id: '2233cb684991c069ee737922b0d653ce') in 0.037473 seconds 
Number of asset objects unloaded after import = 6
========================================================================
Received Import Request.
  Time since last request: 0.000067 seconds.
  path: Assets/Botiquin/Modelos/gasa parafinada/Material__72.mat
  artifactKey: Guid(f9eea3482108b534bb34005c390b2093) Importer(815301076,1909f56bfc062723c751e8b465ee728b)
Number of updated assets reloaded before import = 0
Start importing Assets/Botiquin/Modelos/gasa parafinada/Material__72.mat using Guid(f9eea3482108b534bb34005c390b2093) Importer(815301076,1909f56bfc062723c751e8b465ee728b)  -> (artifact id: '9903f924fc58f3bc459797ae0afe9a7e') in 0.019929 seconds 
Number of asset objects unloaded after import = 2
========================================================================
Received Import Request.
  Time since last request: 66.080125 seconds.
  path: Assets/Botiquin/Modelos/jeringa/jeringa.obj
  artifactKey: Guid(0b59a1ddd129dea4ea2a77c4e21aaa66) Importer(815301076,1909f56bfc062723c751e8b465ee728b)
Number of updated assets reloaded before import = 0
Start importing Assets/Botiquin/Modelos/jeringa/jeringa.obj using Guid(0b59a1ddd129dea4ea2a77c4e21aaa66) Importer(815301076,1909f56bfc062723c751e8b465ee728b)  -> (artifact id: '234235a1e1f96b7ff6ab0d5e3d2b22fe') in 0.048043 seconds 
Number of asset objects unloaded after import = 13
========================================================================
Received Import Request.
  Time since last request: 5.963154 seconds.
  path: Assets/TextMesh Pro/Resources/Fonts & Materials/LiberationSans SDF - Drop Shadow.mat
  artifactKey: Guid(e73a58f6e2794ae7b1b7e50b7fb811b0) Importer(815301076,1909f56bfc062723c751e8b465ee728b)
Number of updated assets reloaded before import = 0
Start importing Assets/TextMesh Pro/Resources/Fonts & Materials/LiberationSans SDF - Drop Shadow.mat using Guid(e73a58f6e2794ae7b1b7e50b7fb811b0) Importer(815301076,1909f56bfc062723c751e8b465ee728b)  -> (artifact id: '25b2e49969b22263663cc1efe618b430') in 0.042681 seconds 
Number of asset objects unloaded after import = 2
========================================================================
Received Import Request.
  Time since last request: 0.000021 seconds.
  path: Assets/Materiales/Materials/png-transparent-arrow-arrows-outline-right-rounded-basico-arrow-icon.mat
  artifactKey: Guid(21d6214cdfece754abdc9788febe5738) Importer(815301076,1909f56bfc062723c751e8b465ee728b)
Number of updated assets reloaded before import = 0
Start importing Assets/Materiales/Materials/png-transparent-arrow-arrows-outline-right-rounded-basico-arrow-icon.mat using Guid(21d6214cdfece754abdc9788febe5738) Importer(815301076,1909f56bfc062723c751e8b465ee728b)  -> (artifact id: '332239a58078e0a4e4e34d481ba65105') in 0.019071 seconds 
Number of asset objects unloaded after import = 2
========================================================================
Received Import Request.
  Time since last request: 0.000015 seconds.
  path: Assets/ExampleAssets/Materials/Skybox Light.mat
  artifactKey: Guid(3a408e788dcbed6429c8d22a01b32a76) Importer(815301076,1909f56bfc062723c751e8b465ee728b)
Number of updated assets reloaded before import = 0
Start importing Assets/ExampleAssets/Materials/Skybox Light.mat using Guid(3a408e788dcbed6429c8d22a01b32a76) Importer(815301076,1909f56bfc062723c751e8b465ee728b)  -> (artifact id: 'de4079bdbdfcdf32c486b3f9cc70c2e7') in 0.013581 seconds 
Number of asset objects unloaded after import = 1
Editor requested this worker to shutdown with reason: Scaling down because of idle timeout
TcpMessagingSession - receive error: operation aborted. errorcode: 995, details: La operación de E/S se anuló por una salida de subproceso o por una solicitud de aplicación.
AssetImportWorker is now disconnected from the server
Process exiting
Exiting without the bug reporter. Application will terminate with return code 0