Using pre-set license
Built from '2022.2/staging' branch; Version is '2022.2.4f1 (8216e0211249) revision 8525536'; Using compiler version '192829333'; Build Type 'Release'
OS: 'Windows 11  (10.0.22621) 64bit Core' Language: 'es' Physical Memory: 24512 MB
BatchMode: 1, IsHumanControllingUs: 0, StartBugReporterOnCrash: 0, Is64bit: 1, IsPro: 1

COMMAND LINE ARGUMENTS:
D:\unity\2022.2.4f1\Editor\Unity.exe
-adb2
-batchMode
-noUpm
-name
AssetImportWorker1
-projectPath
C:/Users/Ouk/Desktop/git final/RV/VR_Iplacex_Main
-logFile
Logs/AssetImportWorker1.log
-srvPort
52650
Successfully changed project path to: C:/Users/Ouk/Desktop/git final/RV/VR_Iplacex_Main
C:/Users/Ouk/Desktop/git final/RV/VR_Iplacex_Main
[UnityMemory] Configuration Parameters - Can be set up in boot.config
    "memorysetup-bucket-allocator-granularity=16"
    "memorysetup-bucket-allocator-bucket-count=8"
    "memorysetup-bucket-allocator-block-size=33554432"
    "memorysetup-bucket-allocator-block-count=8"
    "memorysetup-main-allocator-block-size=16777216"
    "memorysetup-thread-allocator-block-size=16777216"
    "memorysetup-gfx-main-allocator-block-size=16777216"
    "memorysetup-gfx-thread-allocator-block-size=16777216"
    "memorysetup-cache-allocator-block-size=4194304"
    "memorysetup-typetree-allocator-block-size=2097152"
    "memorysetup-profiler-bucket-allocator-granularity=16"
    "memorysetup-profiler-bucket-allocator-bucket-count=8"
    "memorysetup-profiler-bucket-allocator-block-size=33554432"
    "memorysetup-profiler-bucket-allocator-block-count=8"
    "memorysetup-profiler-allocator-block-size=16777216"
    "memorysetup-profiler-editor-allocator-block-size=1048576"
    "memorysetup-temp-allocator-size-main=16777216"
    "memorysetup-job-temp-allocator-block-size=2097152"
    "memorysetup-job-temp-allocator-block-size-background=1048576"
    "memorysetup-job-temp-allocator-reduction-small-platforms=262144"
    "memorysetup-temp-allocator-size-background-worker=32768"
    "memorysetup-temp-allocator-size-job-worker=262144"
    "memorysetup-temp-allocator-size-preload-manager=33554432"
    "memorysetup-temp-allocator-size-nav-mesh-worker=65536"
    "memorysetup-temp-allocator-size-audio-worker=65536"
    "memorysetup-temp-allocator-size-cloud-worker=32768"
    "memorysetup-temp-allocator-size-gi-baking-worker=262144"
    "memorysetup-temp-allocator-size-gfx=262144"
Player connection [30700] Host "[IP] 192.168.1.101 [Port] 0 [Flags] 2 [Guid] 3913769665 [EditorId] 3913769665 [Version] 1048832 [Id] WindowsEditor(7,OukZeroPC) [Debug] 1 [PackageName] WindowsEditor [ProjectName] Editor" joined multi-casting on [225.0.0.222:54997]...

Player connection [30700] Host "[IP] 192.168.1.101 [Port] 0 [Flags] 2 [Guid] 3913769665 [EditorId] 3913769665 [Version] 1048832 [Id] WindowsEditor(7,OukZeroPC) [Debug] 1 [PackageName] WindowsEditor [ProjectName] Editor" joined alternative multi-casting on [225.0.0.222:34997]...

Refreshing native plugins compatible for Editor in 19.49 ms, found 12 plugins.
Preloading 1 native plugins for Editor in 0.53 ms.
Initialize engine version: 2022.2.4f1 (8216e0211249)
[Subsystems] Discovering subsystems at path D:/unity/2022.2.4f1/Editor/Data/Resources/UnitySubsystems
[Subsystems] Discovering subsystems at path C:/Users/Ouk/Desktop/git final/RV/VR_Iplacex_Main/Assets
GfxDevice: creating device client; threaded=0; jobified=0
Direct3D:
    Version:  Direct3D 11.0 [level 11.1]
    Renderer: NVIDIA GeForce RTX 3060 (ID=0x2504)
    Vendor:   NVIDIA
    VRAM:     12129 MB
    Driver:   31.0.15.2849
Initialize mono
Mono path[0] = 'D:/unity/2022.2.4f1/Editor/Data/Managed'
Mono path[1] = 'D:/unity/2022.2.4f1/Editor/Data/MonoBleedingEdge/lib/mono/unityjit-win32'
Mono config path = 'D:/unity/2022.2.4f1/Editor/Data/MonoBleedingEdge/etc'
Using monoOptions --debugger-agent=transport=dt_socket,embedding=1,server=y,suspend=n,address=127.0.0.1:56932
Begin MonoManager ReloadAssembly
Registering precompiled unity dll's ...
Register platform support module: D:/unity/2022.2.4f1/Editor/Data/PlaybackEngines/AndroidPlayer/UnityEditor.Android.Extensions.dll
Register platform support module: D:/unity/2022.2.4f1/Editor/Data/PlaybackEngines/WindowsStandaloneSupport/UnityEditor.WindowsStandalone.Extensions.dll
Registered in 0.003122 seconds.
- Loaded All Assemblies, in  0.418 seconds
Native extension for WindowsStandalone target not found
Native extension for Android target not found
Android Extension - Scanning For ADB Devices 2226 ms
Mono: successfully reloaded assembly
- Finished resetting the current domain, in  2.636 seconds
Domain Reload Profiling:
	ReloadAssembly (207ms)
		BeginReloadAssembly (79ms)
			ExecutionOrderSort (0ms)
			DisableScriptedObjects (0ms)
			BackupInstance (0ms)
			ReleaseScriptingObjects (0ms)
			CreateAndSetChildDomain (1ms)
		LoadAllAssembliesAndSetupDomain (0ms)
			LoadAssemblies (78ms)
			RebuildTransferFunctionScriptingTraits (0ms)
			SetupTypeCache (206ms)
				TypeCache.Initialize (205ms)
					TypeCache.ScanAssembly (201ms)
				ResolveRequiredComponents (1ms)
		FinalizeReload (0ms)
			ReleaseScriptCaches (0ms)
			RebuildScriptCaches (0ms)
			SetupLoadedEditorAssemblies (2553ms)
				LogAssemblyErrors (0ms)
				InitializePlatformSupportModulesInManaged (2352ms)
				SetLoadedEditorAssemblies (4ms)
				RefreshPlugins (0ms)
				BeforeProcessingInitializeOnLoad (1ms)
				ProcessInitializeOnLoadAttributes (136ms)
				ProcessInitializeOnLoadMethodAttributes (59ms)
				AfterProcessingInitializeOnLoad (0ms)
				EditorAssembliesLoaded (0ms)
			ExecutionOrderSort2 (0ms)
			AwakeInstancesAfterBackupRestoration (0ms)
========================================================================
Worker process is ready to serve import requests
Assets/Computador/pantalla/monitor.c4d: Unity no longer supports importing Cinema 4D files directly, but we're working with Maxon to make the experience better. To import Cinema 4D files, install Maxon's external importer. You can find more information on the Unity Forum: https://on.unity.com/c4d.

Please note that FBX files exported from Cinema4D are still supported.
Begin MonoManager ReloadAssembly
Symbol file LoadedFromMemory doesn't match image C:\Users\Ouk\Desktop\git final\RV\VR_Iplacex_Main\Library\PackageCache\com.unity.visualscripting@1.8.0\Editor\VisualScripting.Core\Dependencies\YamlDotNet\Unity.VisualScripting.YamlDotNet.dll
Symbol file LoadedFromMemory doesn't match image C:\Users\Ouk\Desktop\git final\RV\VR_Iplacex_Main\Library\PackageCache\com.unity.visualscripting@1.8.0\Editor\VisualScripting.Core\Dependencies\DotNetZip\Unity.VisualScripting.IonicZip.dll
- Loaded All Assemblies, in  1.187 seconds
Refreshing native plugins compatible for Editor in 14.68 ms, found 12 plugins.
Native extension for WindowsStandalone target not found
Native extension for Android target not found
Package Manager log level set to [2]
[Package Manager] Server::EnsureServerProcessIsRunning -- launch failed, reason: Unity was launched with the -noUpm command-line argument
[Package Manager] UpmClient::Send -- Unable to send message (not connected to UPM process).
[Package Manager] Cannot connect to Unity Package Manager local server
System.Reflection.TargetInvocationException: Exception has been thrown by the target of an invocation. ---> System.NullReferenceException: Object reference not set to an instance of an object
  at Unity.XR.Oculus.OculusLoader.AssetPathToAbsolutePath (System.String assetPath) [0x0003d] in .\Library\PackageCache\com.unity.xr.oculus@3.2.2\Runtime\OculusLoader.cs:296 
  at Unity.XR.Oculus.OculusLoader.EditorLoadOVRPlugin () [0x0007b] in .\Library\PackageCache\com.unity.xr.oculus@3.2.2\Runtime\OculusLoader.cs:281 
  at (wrapper managed-to-native) System.Reflection.RuntimeMethodInfo.InternalInvoke(System.Reflection.RuntimeMethodInfo,object,object[],System.Exception&)
  at System.Reflection.RuntimeMethodInfo.Invoke (System.Object obj, System.Reflection.BindingFlags invokeAttr, System.Reflection.Binder binder, System.Object[] parameters, System.Globalization.CultureInfo culture) [0x0006a] in <0da48681ced7494d83ae6a612d2206fc>:0 
   --- End of inner exception stack trace ---
  at System.Reflection.RuntimeMethodInfo.Invoke (System.Object obj, System.Reflection.BindingFlags invokeAttr, System.Reflection.Binder binder, System.Object[] parameters, System.Globalization.CultureInfo culture) [0x00083] in <0da48681ced7494d83ae6a612d2206fc>:0 
  at System.Reflection.MethodBase.Invoke (System.Object obj, System.Object[] parameters) [0x00000] in <0da48681ced7494d83ae6a612d2206fc>:0 
  at UnityEditor.EditorAssemblies.ProcessInitializeOnLoadMethodAttributes () [0x000a5] in <c119aa0913a0473185a8287e39c3f563>:0 
UnityEngine.StackTraceUtility:ExtractStackTrace ()
UnityEngine.DebugLogHandler:LogFormat (UnityEngine.LogType,UnityEngine.Object,string,object[])
UnityEngine.Logger:Log (UnityEngine.LogType,object)
UnityEngine.Debug:LogError (object)
UnityEditor.EditorAssemblies:ProcessInitializeOnLoadMethodAttributes ()

Mono: successfully reloaded assembly
[Package Manager] Server::EnsureServerProcessIsRunning -- launch failed, reason: Unity was launched with the -noUpm command-line argument
[Package Manager] UpmClient::Send -- Unable to send message (not connected to UPM process).
[Package Manager] Cannot connect to Unity Package Manager local server
[Package Manager] Server::EnsureServerProcessIsRunning -- launch failed, reason: Unity was launched with the -noUpm command-line argument
[Package Manager] UpmClient::Send -- Unable to send message (not connected to UPM process).
[Package Manager] Cannot connect to Unity Package Manager local server
- Finished resetting the current domain, in  0.800 seconds
Domain Reload Profiling:
	ReloadAssembly (261ms)
		BeginReloadAssembly (138ms)
			ExecutionOrderSort (0ms)
			DisableScriptedObjects (7ms)
			BackupInstance (0ms)
			ReleaseScriptingObjects (0ms)
			CreateAndSetChildDomain (27ms)
		LoadAllAssembliesAndSetupDomain (925ms)
			LoadAssemblies (324ms)
			RebuildTransferFunctionScriptingTraits (0ms)
			SetupTypeCache (659ms)
				TypeCache.Initialize (457ms)
					TypeCache.ScanAssembly (448ms)
				ResolveRequiredComponents (9ms)
		FinalizeReload (0ms)
			ReleaseScriptCaches (0ms)
			RebuildScriptCaches (0ms)
			SetupLoadedEditorAssemblies (559ms)
				LogAssemblyErrors (0ms)
				InitializePlatformSupportModulesInManaged (21ms)
				SetLoadedEditorAssemblies (5ms)
				RefreshPlugins (0ms)
				BeforeProcessingInitializeOnLoad (79ms)
				ProcessInitializeOnLoadAttributes (391ms)
				ProcessInitializeOnLoadMethodAttributes (61ms)
				AfterProcessingInitializeOnLoad (2ms)
				EditorAssembliesLoaded (0ms)
			ExecutionOrderSort2 (0ms)
			AwakeInstancesAfterBackupRestoration (8ms)
Assets/Computador/pantalla/monitor.c4d: Unity no longer supports importing Cinema 4D files directly, but we're working with Maxon to make the experience better. To import Cinema 4D files, install Maxon's external importer. You can find more information on the Unity Forum: https://on.unity.com/c4d.

Please note that FBX files exported from Cinema4D are still supported.
Launched and connected shader compiler UnityShaderCompiler.exe after 0.07 seconds
Refreshing native plugins compatible for Editor in 11.48 ms, found 12 plugins.
Preloading 1 native plugins for Editor in 0.08 ms.
Unloading 4031 Unused Serialized files (Serialized files now loaded: 0)
Unloading 54 unused Assets / (381.1 KB). Loaded Objects now: 4484.
Memory consumption went from 0.61 GB to 0.61 GB.
Total: 4.637700 ms (FindLiveObjects: 0.489500 ms CreateObjectMapping: 0.720200 ms MarkObjects: 3.220200 ms  DeleteObjects: 0.206700 ms)

AssetImportParameters requested are different than current active one (requested -> active):
  custom:container-demuxer-ogg: 62fdf1f143b41e24485cea50d1cbac27 -> 
  custom:video-decoder-ogg-theora: a1e56fd34408186e4bbccfd4996cb3dc -> 
  custom:framework-win-MediaFoundation: 216162199b28c13a410421893ffa2e32 -> 
  custom:container-demuxer-webm: 4f35f7cbe854078d1ac9338744f61a02 -> 
  custom:container-muxer-webm: aa71ff27fc2769a1b78a27578f13a17b -> 
  custom:video-decoder-webm-vp8: 9c59270c3fd7afecdb556c50c9e8de78 -> 
  custom:AudioImporter_EditorPlatform: d09bf68614088b80899f8185d706f6e7 -> 
  custom:video-encoder-webm-vp8: eb34c28f22e8b96e1ab97ce403110664 -> 
  custom:audio-decoder-ogg-vorbis: bf7c407c2cedff20999df2af8eb42d56 -> 
  custom:audio-encoder-webm-vorbis: bf7c407c2cedff20999df2af8eb42d56 -> 
========================================================================
Received Import Request.
  Time since last request: 1022382.702802 seconds.
  path: Assets/MageMobileUI/Prefabs/FrameWithCaption.prefab
  artifactKey: Guid(f619e447c67a8514ca405a2df4115ffa) Importer(815301076,1909f56bfc062723c751e8b465ee728b)
Number of updated assets reloaded before import = 0
Start importing Assets/MageMobileUI/Prefabs/FrameWithCaption.prefab using Guid(f619e447c67a8514ca405a2df4115ffa) Importer(815301076,1909f56bfc062723c751e8b465ee728b)  -> (artifact id: 'aa94f38395318880011b9bc5a97cb3f3') in 0.056144 seconds 
Number of asset objects unloaded after import = 21
========================================================================
Received Import Request.
  Time since last request: 0.000030 seconds.
  path: Assets/MageMobileUI/Prefabs/Buttons/PauseButton.prefab
  artifactKey: Guid(b4d283bb0d8651a4badd8499401509d6) Importer(815301076,1909f56bfc062723c751e8b465ee728b)
Number of updated assets reloaded before import = 0
Start importing Assets/MageMobileUI/Prefabs/Buttons/PauseButton.prefab using Guid(b4d283bb0d8651a4badd8499401509d6) Importer(815301076,1909f56bfc062723c751e8b465ee728b)  -> (artifact id: '23514a9c66a6eb9d9668cb94a375b3cf') in 0.018376 seconds 
Number of asset objects unloaded after import = 10
========================================================================
Received Import Request.
  Time since last request: 0.000022 seconds.
  path: Assets/MageMobileUI/Prefabs/Buttons/LeftArrowButton.prefab
  artifactKey: Guid(714f725631b124146873f7eca5e0fd4f) Importer(815301076,1909f56bfc062723c751e8b465ee728b)
Number of updated assets reloaded before import = 0
Start importing Assets/MageMobileUI/Prefabs/Buttons/LeftArrowButton.prefab using Guid(714f725631b124146873f7eca5e0fd4f) Importer(815301076,1909f56bfc062723c751e8b465ee728b)  -> (artifact id: '7a88ec598f13c206fb8753e952e5dc03') in 0.015873 seconds 
Number of asset objects unloaded after import = 9
========================================================================
Received Import Request.
  Time since last request: 0.000018 seconds.
  path: Assets/MageMobileUI/Prefabs/Logo2.prefab
  artifactKey: Guid(6df65eaa43deb6b42a4f74f3b505c054) Importer(815301076,1909f56bfc062723c751e8b465ee728b)
Number of updated assets reloaded before import = 0
Start importing Assets/MageMobileUI/Prefabs/Logo2.prefab using Guid(6df65eaa43deb6b42a4f74f3b505c054) Importer(815301076,1909f56bfc062723c751e8b465ee728b)  -> (artifact id: '768467a1c3d29148bfaea697c992aca8') in 0.024976 seconds 
Number of asset objects unloaded after import = 12
========================================================================
Received Import Request.
  Time since last request: 0.000019 seconds.
  path: Assets/MageMobileUI/Prefabs/Buttons/PlayButton.prefab
  artifactKey: Guid(64f3b74abfaed624c8013672624f89c2) Importer(815301076,1909f56bfc062723c751e8b465ee728b)
Number of updated assets reloaded before import = 0
Start importing Assets/MageMobileUI/Prefabs/Buttons/PlayButton.prefab using Guid(64f3b74abfaed624c8013672624f89c2) Importer(815301076,1909f56bfc062723c751e8b465ee728b)  -> (artifact id: 'eec78e6adc7f078ef7e389bf471823ed') in 0.015488 seconds 
Number of asset objects unloaded after import = 9
========================================================================
Received Import Request.
  Time since last request: 0.000026 seconds.
  path: Assets/MageMobileUI/Prefabs/Bars/BlueResourceBar.prefab
  artifactKey: Guid(1fcbc3db1470c0b42b7ea943db3d7186) Importer(815301076,1909f56bfc062723c751e8b465ee728b)
Number of updated assets reloaded before import = 0
Start importing Assets/MageMobileUI/Prefabs/Bars/BlueResourceBar.prefab using Guid(1fcbc3db1470c0b42b7ea943db3d7186) Importer(815301076,1909f56bfc062723c751e8b465ee728b)  -> (artifact id: '0afeeeadbbcd2c8b9790cc2b62c6fc61') in 0.017567 seconds 
Number of asset objects unloaded after import = 23
========================================================================
Received Import Request.
  Time since last request: 0.000029 seconds.
  path: Assets/MageMobileUI/Prefabs/Buttons/PowerButton.prefab
  artifactKey: Guid(b9c424a6470a60a48bc177e93a5f05e2) Importer(815301076,1909f56bfc062723c751e8b465ee728b)
Number of updated assets reloaded before import = 0
Start importing Assets/MageMobileUI/Prefabs/Buttons/PowerButton.prefab using Guid(b9c424a6470a60a48bc177e93a5f05e2) Importer(815301076,1909f56bfc062723c751e8b465ee728b)  -> (artifact id: '724d75a266b16710d0b7268afac18698') in 0.016218 seconds 
Number of asset objects unloaded after import = 10
========================================================================
Received Import Request.
  Time since last request: 0.000155 seconds.
  path: Assets/MageMobileUI/Prefabs/Buttons/StarButton.prefab
  artifactKey: Guid(62e31f4baa4276d43898995f2aeda6e6) Importer(815301076,1909f56bfc062723c751e8b465ee728b)
Number of updated assets reloaded before import = 0
Start importing Assets/MageMobileUI/Prefabs/Buttons/StarButton.prefab using Guid(62e31f4baa4276d43898995f2aeda6e6) Importer(815301076,1909f56bfc062723c751e8b465ee728b)  -> (artifact id: '63ec2e611b0111f7454129f927d4a517') in 0.015535 seconds 
Number of asset objects unloaded after import = 10
========================================================================
Received Import Request.
  Time since last request: 0.000020 seconds.
  path: Assets/MageMobileUI/Prefabs/Buttons/MinusButton.prefab
  artifactKey: Guid(49da54851e163454b9773d89e3ee4ddd) Importer(815301076,1909f56bfc062723c751e8b465ee728b)
Number of updated assets reloaded before import = 0
Start importing Assets/MageMobileUI/Prefabs/Buttons/MinusButton.prefab using Guid(49da54851e163454b9773d89e3ee4ddd) Importer(815301076,1909f56bfc062723c751e8b465ee728b)  -> (artifact id: 'c572f13c6645ab9fe885e403fff600a9') in 0.014374 seconds 
Number of asset objects unloaded after import = 10
========================================================================
Received Import Request.
  Time since last request: 0.000137 seconds.
  path: Assets/MageMobileUI/Prefabs/FireParticles.prefab
  artifactKey: Guid(8202252a869480641b836e91b7766aed) Importer(815301076,1909f56bfc062723c751e8b465ee728b)
Number of updated assets reloaded before import = 0
Start importing Assets/MageMobileUI/Prefabs/FireParticles.prefab using Guid(8202252a869480641b836e91b7766aed) Importer(815301076,1909f56bfc062723c751e8b465ee728b)  -> (artifact id: '3963fbe17c411d83a19cb820a026b762') in 0.003888 seconds 
Number of asset objects unloaded after import = 7
========================================================================
Received Import Request.
  Time since last request: 0.000015 seconds.
  path: Assets/MageMobileUI/Prefabs/Bars/GreenResourceBar.prefab
  artifactKey: Guid(63c04e416701ad24c84b5855375c337c) Importer(815301076,1909f56bfc062723c751e8b465ee728b)
Number of updated assets reloaded before import = 0
Start importing Assets/MageMobileUI/Prefabs/Bars/GreenResourceBar.prefab using Guid(63c04e416701ad24c84b5855375c337c) Importer(815301076,1909f56bfc062723c751e8b465ee728b)  -> (artifact id: 'f0f64acac88dc0c83324a20e7205ede7') in 0.008975 seconds 
Number of asset objects unloaded after import = 17
========================================================================
Received Import Request.
  Time since last request: 0.000023 seconds.
  path: Assets/MageMobileUI/Prefabs/Buttons/RightArrowButton.prefab
  artifactKey: Guid(8bc9014e8a42131428ea3529e7713111) Importer(815301076,1909f56bfc062723c751e8b465ee728b)
Number of updated assets reloaded before import = 0
Start importing Assets/MageMobileUI/Prefabs/Buttons/RightArrowButton.prefab using Guid(8bc9014e8a42131428ea3529e7713111) Importer(815301076,1909f56bfc062723c751e8b465ee728b)  -> (artifact id: 'cfc13f4b2f32c11e848c1f8380e597f7') in 0.015141 seconds 
Number of asset objects unloaded after import = 9
========================================================================
Received Import Request.
  Time since last request: 0.000025 seconds.
  path: Assets/MageMobileUI/Prefabs/Buttons/LightButton.prefab
  artifactKey: Guid(bb9ae1f474d26de41a9edc8f74da5f5f) Importer(815301076,1909f56bfc062723c751e8b465ee728b)
Number of updated assets reloaded before import = 0
Start importing Assets/MageMobileUI/Prefabs/Buttons/LightButton.prefab using Guid(bb9ae1f474d26de41a9edc8f74da5f5f) Importer(815301076,1909f56bfc062723c751e8b465ee728b)  -> (artifact id: 'bb594e30416f2ed093c77fec85f61262') in 0.021092 seconds 
Number of asset objects unloaded after import = 11
========================================================================
Received Import Request.
  Time since last request: 0.000019 seconds.
  path: Assets/MageMobileUI/Prefabs/Buttons/WheelButton.prefab
  artifactKey: Guid(241b6ae2772f7af4db72ee4e4f5e5a4c) Importer(815301076,1909f56bfc062723c751e8b465ee728b)
Number of updated assets reloaded before import = 0
Start importing Assets/MageMobileUI/Prefabs/Buttons/WheelButton.prefab using Guid(241b6ae2772f7af4db72ee4e4f5e5a4c) Importer(815301076,1909f56bfc062723c751e8b465ee728b)  -> (artifact id: 'ff66997339248ce3e3065f756b1cb66c') in 0.012881 seconds 
Number of asset objects unloaded after import = 9
========================================================================
Received Import Request.
  Time since last request: 0.000021 seconds.
  path: Assets/MageMobileUI/Prefabs/Buttons/DownArrowButton.prefab
  artifactKey: Guid(084a4afbf8856384cafbf47bc9743c68) Importer(815301076,1909f56bfc062723c751e8b465ee728b)
Number of updated assets reloaded before import = 0
Start importing Assets/MageMobileUI/Prefabs/Buttons/DownArrowButton.prefab using Guid(084a4afbf8856384cafbf47bc9743c68) Importer(815301076,1909f56bfc062723c751e8b465ee728b)  -> (artifact id: 'e76525c671b5fb2f0605518755d31a25') in 0.015626 seconds 
Number of asset objects unloaded after import = 9
========================================================================
Received Import Request.
  Time since last request: 0.000015 seconds.
  path: Assets/MageMobileUI/Prefabs/Buttons/CheckButton.prefab
  artifactKey: Guid(fccae2ca6420ff148a8a933790922abf) Importer(815301076,1909f56bfc062723c751e8b465ee728b)
Number of updated assets reloaded before import = 0
Start importing Assets/MageMobileUI/Prefabs/Buttons/CheckButton.prefab using Guid(fccae2ca6420ff148a8a933790922abf) Importer(815301076,1909f56bfc062723c751e8b465ee728b)  -> (artifact id: '9711937ed43b566b1cfb910f767db257') in 0.014284 seconds 
Number of asset objects unloaded after import = 9
========================================================================
Received Import Request.
  Time since last request: 0.000014 seconds.
  path: Assets/MageMobileUI/Prefabs/Buttons/TextButton.prefab
  artifactKey: Guid(feb47b65d109afb4884e706c934b5a3e) Importer(815301076,1909f56bfc062723c751e8b465ee728b)
Number of updated assets reloaded before import = 0
Start importing Assets/MageMobileUI/Prefabs/Buttons/TextButton.prefab using Guid(feb47b65d109afb4884e706c934b5a3e) Importer(815301076,1909f56bfc062723c751e8b465ee728b)  -> (artifact id: '896bfe4179c0fb8dd3a688910886a8aa') in 0.015938 seconds 
Number of asset objects unloaded after import = 17
========================================================================
Received Import Request.
  Time since last request: 0.000017 seconds.
  path: Assets/MageMobileUI/Prefabs/Buttons/VeryWideButton.prefab
  artifactKey: Guid(a78116c5c78f03a42805cf6f66f83ef9) Importer(815301076,1909f56bfc062723c751e8b465ee728b)
Number of updated assets reloaded before import = 0
Start importing Assets/MageMobileUI/Prefabs/Buttons/VeryWideButton.prefab using Guid(a78116c5c78f03a42805cf6f66f83ef9) Importer(815301076,1909f56bfc062723c751e8b465ee728b)  -> (artifact id: 'aa7362d33d7eff6dc66ef9015058e691') in 0.003449 seconds 
Number of asset objects unloaded after import = 11
========================================================================
Received Import Request.
  Time since last request: 0.000024 seconds.
  path: Assets/MageMobileUI/Prefabs/Buttons/AwardButton.prefab
  artifactKey: Guid(b8f85169584e29044a41fc1dd8ce9f84) Importer(815301076,1909f56bfc062723c751e8b465ee728b)
Number of updated assets reloaded before import = 0
Start importing Assets/MageMobileUI/Prefabs/Buttons/AwardButton.prefab using Guid(b8f85169584e29044a41fc1dd8ce9f84) Importer(815301076,1909f56bfc062723c751e8b465ee728b)  -> (artifact id: '33a052222b2c9e6b95be1883c083a43a') in 0.031557 seconds 
Number of asset objects unloaded after import = 38
========================================================================
Received Import Request.
  Time since last request: 0.000028 seconds.
  path: Assets/MageMobileUI/Prefabs/Buttons/CharacterButton.prefab
  artifactKey: Guid(8c6327f6acd2d9b458b51b65fcbb4fed) Importer(815301076,1909f56bfc062723c751e8b465ee728b)
Number of updated assets reloaded before import = 0
Start importing Assets/MageMobileUI/Prefabs/Buttons/CharacterButton.prefab using Guid(8c6327f6acd2d9b458b51b65fcbb4fed) Importer(815301076,1909f56bfc062723c751e8b465ee728b)  -> (artifact id: 'cbe961a93830f9b1b068395c344d7a0a') in 0.014346 seconds 
Number of asset objects unloaded after import = 10
========================================================================
Received Import Request.
  Time since last request: 0.000031 seconds.
  path: Assets/MageMobileUI/Prefabs/Buttons/GlassButton.prefab
  artifactKey: Guid(375d03d95f9bfc145b09cabd781f68c9) Importer(815301076,1909f56bfc062723c751e8b465ee728b)
Number of updated assets reloaded before import = 0
Start importing Assets/MageMobileUI/Prefabs/Buttons/GlassButton.prefab using Guid(375d03d95f9bfc145b09cabd781f68c9) Importer(815301076,1909f56bfc062723c751e8b465ee728b)  -> (artifact id: 'eba136bfc5471b8c2ac6330e6b2920e1') in 0.014341 seconds 
Number of asset objects unloaded after import = 10
========================================================================
Received Import Request.
  Time since last request: 0.000021 seconds.
  path: Assets/MageMobileUI/Prefabs/Buttons/ShopButton.prefab
  artifactKey: Guid(9da9ab1352681304483638073d6e736b) Importer(815301076,1909f56bfc062723c751e8b465ee728b)
Number of updated assets reloaded before import = 0
Start importing Assets/MageMobileUI/Prefabs/Buttons/ShopButton.prefab using Guid(9da9ab1352681304483638073d6e736b) Importer(815301076,1909f56bfc062723c751e8b465ee728b)  -> (artifact id: '7302efa86239dd30f05eb0ce41749c64') in 0.015433 seconds 
Number of asset objects unloaded after import = 10
========================================================================
Received Import Request.
  Time since last request: 0.000020 seconds.
  path: Assets/MageMobileUI/Prefabs/Buttons/TallTextButton.prefab
  artifactKey: Guid(9f3080d4b4399ae47bf3d3c7c59062cf) Importer(815301076,1909f56bfc062723c751e8b465ee728b)
Number of updated assets reloaded before import = 0
Start importing Assets/MageMobileUI/Prefabs/Buttons/TallTextButton.prefab using Guid(9f3080d4b4399ae47bf3d3c7c59062cf) Importer(815301076,1909f56bfc062723c751e8b465ee728b)  -> (artifact id: '438b2c5abf4bd8e8e9ee39254f808dd9') in 0.004546 seconds 
Number of asset objects unloaded after import = 16
========================================================================
Received Import Request.
  Time since last request: 0.000030 seconds.
  path: Assets/MageMobileUI/Prefabs/Buttons/MailButton.prefab
  artifactKey: Guid(2dd20863b8bd04945bbea5381cce83fc) Importer(815301076,1909f56bfc062723c751e8b465ee728b)
Number of updated assets reloaded before import = 0
Start importing Assets/MageMobileUI/Prefabs/Buttons/MailButton.prefab using Guid(2dd20863b8bd04945bbea5381cce83fc) Importer(815301076,1909f56bfc062723c751e8b465ee728b)  -> (artifact id: '4b29f43f84317fbb2f55f72109c43eb8') in 0.012868 seconds 
Number of asset objects unloaded after import = 10
========================================================================
Received Import Request.
  Time since last request: 0.000022 seconds.
  path: Assets/MageMobileUI/Prefabs/Buttons/CameraButton.prefab
  artifactKey: Guid(93c91fcb524d27545bdac5ff69cfb230) Importer(815301076,1909f56bfc062723c751e8b465ee728b)
Number of updated assets reloaded before import = 0
Start importing Assets/MageMobileUI/Prefabs/Buttons/CameraButton.prefab using Guid(93c91fcb524d27545bdac5ff69cfb230) Importer(815301076,1909f56bfc062723c751e8b465ee728b)  -> (artifact id: 'a2f7de1eb8e4344f4b81a0f38e6d8582') in 0.012609 seconds 
Number of asset objects unloaded after import = 10
========================================================================
Received Import Request.
  Time since last request: 0.000027 seconds.
  path: Assets/MageMobileUI/Materials/BackgroundFire.mat
  artifactKey: Guid(7672f12383db9db40bc81e497b2dcbc1) Importer(815301076,1909f56bfc062723c751e8b465ee728b)
Number of updated assets reloaded before import = 0
Start importing Assets/MageMobileUI/Materials/BackgroundFire.mat using Guid(7672f12383db9db40bc81e497b2dcbc1) Importer(815301076,1909f56bfc062723c751e8b465ee728b)  -> (artifact id: '8ab4e078d4191704a238cbddad00c2b0') in 0.112223 seconds 
Number of asset objects unloaded after import = 2
========================================================================
Received Import Request.
  Time since last request: 0.000027 seconds.
  path: Assets/MageMobileUI/Prefabs/Bars/RedShortResourceBar.prefab
  artifactKey: Guid(1ec631c20457fa6449a20fb39200cfb9) Importer(815301076,1909f56bfc062723c751e8b465ee728b)
Number of updated assets reloaded before import = 0
Start importing Assets/MageMobileUI/Prefabs/Bars/RedShortResourceBar.prefab using Guid(1ec631c20457fa6449a20fb39200cfb9) Importer(815301076,1909f56bfc062723c751e8b465ee728b)  -> (artifact id: '8273ac02ba33dac8b62e4ce85714b7ba') in 0.010791 seconds 
Number of asset objects unloaded after import = 23
========================================================================
Received Import Request.
  Time since last request: 0.000037 seconds.
  path: Assets/MageMobileUI/Prefabs/Bars/ProgressBar.prefab
  artifactKey: Guid(e5de832cb67c6774cab323f6d67d4fa1) Importer(815301076,1909f56bfc062723c751e8b465ee728b)
Number of updated assets reloaded before import = 0
Start importing Assets/MageMobileUI/Prefabs/Bars/ProgressBar.prefab using Guid(e5de832cb67c6774cab323f6d67d4fa1) Importer(815301076,1909f56bfc062723c751e8b465ee728b)  -> (artifact id: 'fbca2cce6c5fab0a3c6b0fe215c80ed0') in 0.015600 seconds 
Number of asset objects unloaded after import = 17
========================================================================
Received Import Request.
  Time since last request: 0.000019 seconds.
  path: Assets/MageMobileUI/Prefabs/Logo.prefab
  artifactKey: Guid(536757823e9eb4c43a14169494810c37) Importer(815301076,1909f56bfc062723c751e8b465ee728b)
Number of updated assets reloaded before import = 0
Start importing Assets/MageMobileUI/Prefabs/Logo.prefab using Guid(536757823e9eb4c43a14169494810c37) Importer(815301076,1909f56bfc062723c751e8b465ee728b)  -> (artifact id: 'a244dc0a6806ac5f6d5e160013fa0565') in 0.019131 seconds 
Number of asset objects unloaded after import = 13
========================================================================
Received Import Request.
  Time since last request: 0.000023 seconds.
  path: Assets/MageMobileUI/Prefabs/Buttons/InfoButton.prefab
  artifactKey: Guid(6a67af986a7194648b76d53a991775dd) Importer(815301076,1909f56bfc062723c751e8b465ee728b)
Number of updated assets reloaded before import = 0
Start importing Assets/MageMobileUI/Prefabs/Buttons/InfoButton.prefab using Guid(6a67af986a7194648b76d53a991775dd) Importer(815301076,1909f56bfc062723c751e8b465ee728b)  -> (artifact id: '9be3fe566f36410954f6d362972787f8') in 0.013813 seconds 
Number of asset objects unloaded after import = 10
========================================================================
Received Import Request.
  Time since last request: 3.731999 seconds.
  path: Assets/MageMobileUI/Prefabs/Controls/InputField.prefab
  artifactKey: Guid(348e2a062a64e2244a098860cf455c22) Importer(815301076,1909f56bfc062723c751e8b465ee728b)
Number of updated assets reloaded before import = 0
Start importing Assets/MageMobileUI/Prefabs/Controls/InputField.prefab using Guid(348e2a062a64e2244a098860cf455c22) Importer(815301076,1909f56bfc062723c751e8b465ee728b)  -> (artifact id: 'b0428b71774bb769b56e054435e17112') in 0.010153 seconds 
Number of asset objects unloaded after import = 16
========================================================================
Received Import Request.
  Time since last request: 0.000023 seconds.
  path: Assets/MageMobileUI/Prefabs/Controls/Slider.prefab
  artifactKey: Guid(64d77a4957ca6934faf40513e6e179c3) Importer(815301076,1909f56bfc062723c751e8b465ee728b)
Number of updated assets reloaded before import = 0
Start importing Assets/MageMobileUI/Prefabs/Controls/Slider.prefab using Guid(64d77a4957ca6934faf40513e6e179c3) Importer(815301076,1909f56bfc062723c751e8b465ee728b)  -> (artifact id: '49c1ef3b69636fffb38da29aa7beee74') in 0.020677 seconds 
Number of asset objects unloaded after import = 25
========================================================================
Received Import Request.
  Time since last request: 0.000019 seconds.
  path: Assets/MageMobileUI/Prefabs/Controls/PasswordInput.prefab
  artifactKey: Guid(9cbd33a0f744e4341842f56f23f850b0) Importer(815301076,1909f56bfc062723c751e8b465ee728b)
Number of updated assets reloaded before import = 0
Start importing Assets/MageMobileUI/Prefabs/Controls/PasswordInput.prefab using Guid(9cbd33a0f744e4341842f56f23f850b0) Importer(815301076,1909f56bfc062723c751e8b465ee728b)  -> (artifact id: '3d86a1a11a7ee9accd7ea3151bdf887a') in 0.003340 seconds 
Number of asset objects unloaded after import = 16
========================================================================
Received Import Request.
  Time since last request: 0.000027 seconds.
  path: Assets/MageMobileUI/Prefabs/Controls/VerticalScroll.prefab
  artifactKey: Guid(f39df6186b717f54a8eb71e35dfbfc28) Importer(815301076,1909f56bfc062723c751e8b465ee728b)
Number of updated assets reloaded before import = 0
Start importing Assets/MageMobileUI/Prefabs/Controls/VerticalScroll.prefab using Guid(f39df6186b717f54a8eb71e35dfbfc28) Importer(815301076,1909f56bfc062723c751e8b465ee728b)  -> (artifact id: '3ce0fcae555d65a7b6a6a6fb4d754b86') in 0.003575 seconds 
Number of asset objects unloaded after import = 17
========================================================================
Received Import Request.
  Time since last request: 5.742025 seconds.
  path: Assets/MageMobileUI/Artworks/Bars/Basic_bar_04.png
  artifactKey: Guid(be69b2f7c4fb70a428c1d8619aef5a3e) Importer(815301076,1909f56bfc062723c751e8b465ee728b)
Number of updated assets reloaded before import = 0
Start importing Assets/MageMobileUI/Artworks/Bars/Basic_bar_04.png using Guid(be69b2f7c4fb70a428c1d8619aef5a3e) Importer(815301076,1909f56bfc062723c751e8b465ee728b)  -> (artifact id: '383eb1ba56f5cd4d061109ecff59ebdc') in 0.030769 seconds 
Number of asset objects unloaded after import = 2
========================================================================
Received Import Request.
  Time since last request: 0.000020 seconds.
  path: Assets/MageMobileUI/Artworks/Bars/Book.png
  artifactKey: Guid(4110a4bcba648354094c8c10ac73e15b) Importer(815301076,1909f56bfc062723c751e8b465ee728b)
Number of updated assets reloaded before import = 0
Start importing Assets/MageMobileUI/Artworks/Bars/Book.png using Guid(4110a4bcba648354094c8c10ac73e15b) Importer(815301076,1909f56bfc062723c751e8b465ee728b)  -> (artifact id: 'fd3ff5292f96ce0d999372db26d842fa') in 0.054304 seconds 
Number of asset objects unloaded after import = 2
========================================================================
Received Import Request.
  Time since last request: 0.000031 seconds.
  path: Assets/MageMobileUI/Artworks/Bars/button_on3_back.png
  artifactKey: Guid(35acffb350cf44d41ae0a80141529d17) Importer(815301076,1909f56bfc062723c751e8b465ee728b)
Number of updated assets reloaded before import = 0
Start importing Assets/MageMobileUI/Artworks/Bars/button_on3_back.png using Guid(35acffb350cf44d41ae0a80141529d17) Importer(815301076,1909f56bfc062723c751e8b465ee728b)  -> (artifact id: '4fb6031d569c022e7cb53d7230b5fbbd') in 0.015270 seconds 
Number of asset objects unloaded after import = 2
========================================================================
Received Import Request.
  Time since last request: 0.000029 seconds.
  path: Assets/MageMobileUI/Artworks/Bars/button_on2_back.png
  artifactKey: Guid(89f3cf71f2e5c8840872960ec7c5d7a9) Importer(815301076,1909f56bfc062723c751e8b465ee728b)
Number of updated assets reloaded before import = 0
Start importing Assets/MageMobileUI/Artworks/Bars/button_on2_back.png using Guid(89f3cf71f2e5c8840872960ec7c5d7a9) Importer(815301076,1909f56bfc062723c751e8b465ee728b)  -> (artifact id: '4ab1542732f4f026d915314e83b633f4') in 0.014801 seconds 
Number of asset objects unloaded after import = 2
========================================================================
Received Import Request.
  Time since last request: 0.011066 seconds.
  path: Assets/MageMobileUI/Artworks/Bars/Icon_slot.png
  artifactKey: Guid(46b252f5f6488384b96c7a9f7b7f7666) Importer(815301076,1909f56bfc062723c751e8b465ee728b)
Number of updated assets reloaded before import = 0
Start importing Assets/MageMobileUI/Artworks/Bars/Icon_slot.png using Guid(46b252f5f6488384b96c7a9f7b7f7666) Importer(815301076,1909f56bfc062723c751e8b465ee728b)  -> (artifact id: '738c66cdd5afd18404d39b1993b2801f') in 0.014288 seconds 
Number of asset objects unloaded after import = 2
Editor requested this worker to shutdown with reason: Scaling down because of idle timeout
TcpMessagingSession - receive error: operation aborted. errorcode: 995, details: La operación de E/S se anuló por una salida de subproceso o por una solicitud de aplicación.
AssetImportWorker is now disconnected from the server
Process exiting
Exiting without the bug reporter. Application will terminate with return code 0